2019-11-12 16:30:27,309 - INFO - Beginning execution of dms2_bcsubamp in directory /fh/fast/bloom_j/computational_notebooks/adingens/2019/SuperRes_Hypermut

2019-11-12 16:30:27,309 - INFO - Progress is being logged to ./results_exp2/codoncounts/A3C-A.log
2019-11-12 16:30:27,314 - INFO - Version information:
	Time and date: Tue Nov 12 16:30:27 2019
	Platform: Linux-3.13.0-168-generic-x86_64-with-debian-jessie-sid
	Python version: 3.6.7 | packaged by conda-forge | (default, Feb 28 2019, 09:07:38)  [GCC 7.3.0]
	dms_tools2 version: 2.5.1
	Bio version: 1.73
	pandas version: 0.25.1
	numpy version: 1.16.4
	IPython version: 7.6.1
	jupyter version: 1.0.0
	matplotlib version: 3.1.1
	plotnine version: 0.6.0
	natsort version: 6.0.0
	pystan version: 2.16.0.0
	scipy version: 1.2.2
	seaborn version: 0.9.0
	phydmslib version: 2.3.3
	statsmodels version: 0.10.0
	rpy2 version: 2.9.4
	regex version: 2.5.33
	umi_tools version: 1.0.0

2019-11-12 16:30:27,314 - INFO - Parsed the following arguments:
	outdir = ./results_exp2/codoncounts
	ncpus = -1
	use_existing = yes
	refseq = ./data/Bru_Pol.fasta
	alignspecs = ['204,504,34,34']
	bclen = 8
	fastqdir = ./FASTQ_files_exp2/
	R2 = None
	R1trim = [200]
	R2trim = [170]
	bclen2 = None
	chartype = codon
	maxmuts = 100
	minq = 15
	minreads = 2
	minfraccall = 0.95
	minconcur = 0.75
	sitemask = ./data/sitemask.csv
	purgeread = 0
	purgebc = 0
	bcinfo = False
	name = A3C-A
	R1 = ['A3C-A_R1.fastq.gz']

2019-11-12 16:30:27,343 - INFO - Read refseq of 3048 codons from ./data/Bru_Pol.fasta
2019-11-12 16:30:27,345 - INFO - Reads are in these FASTQ pairs:
	./FASTQ_files_exp2/A3C-A_R1.fastq.gz and ./FASTQ_files_exp2/A3C-A_R2.fastq.gz

2019-11-12 16:30:27,345 - INFO - Now parsing read pairs...
2019-11-12 16:30:33,847 - INFO - Reads parsed so far: 500000
2019-11-12 16:30:40,073 - INFO - Reads parsed so far: 1000000
2019-11-12 16:30:45,802 - INFO - Parsed 1471201 reads, found 780931 unique barcodes.
2019-11-12 16:30:45,806 - INFO - Summary stats on reads:
   total  fail filter  low Q barcode
 1471201            0         105998
2019-11-12 16:30:45,806 - INFO - Writing these stats to ./results_exp2/codoncounts/A3C-A_readstats.csv

2019-11-12 16:30:45,995 - INFO - Number of reads per barcode:
                 number of barcodes
number of reads                    
1                            413061
2                            218251
3                            100710
4                             35266
5                             10389
6                              2518
7                               572
8                               127
9                                28
10                                6
11                                1
12                                1
38                                1
2019-11-12 16:30:45,995 - INFO - Writing these stats to ./results_exp2/codoncounts/A3C-A_readsperbc.csv

2019-11-12 16:30:46,005 - INFO - Examining the 780931 barcodes to build and align subamplicons...
2019-11-12 16:30:51,735 - INFO - Barcodes examined so far: 200000
2019-11-12 16:30:56,533 - INFO - Barcodes examined so far: 400000
2019-11-12 16:31:00,107 - INFO - Barcodes examined so far: 600000
2019-11-12 16:31:01,539 - INFO - Examined all barcodes. Summary stats:
  total  too few reads  not alignable  aligned
 780931         413061          13419   354451
2019-11-12 16:31:01,540 - INFO - Writing these stats to ./results_exp2/codoncounts/A3C-A_bcstats.csv

2019-11-12 16:31:01,560 - INFO - Filtering to only sites listed in sitemask ./data/sitemask.csv
2019-11-12 16:31:01,577 - INFO - Filtered from 1016 to 101 sites.
2019-11-12 16:31:01,577 - INFO - Writing the counts of each codon identity at each site to ./results_exp2/codoncounts/A3C-A_codoncounts.csv

2019-11-12 16:31:01,586 - INFO - Successful completion of dms2_bcsubamp
