2019-11-12 16:30:53,923 - INFO - Beginning execution of dms2_bcsubamp in directory /fh/fast/bloom_j/computational_notebooks/adingens/2019/SuperRes_Hypermut

2019-11-12 16:30:53,923 - INFO - Progress is being logged to ./results_exp2/codoncounts/COIIE68AE254A-B.log
2019-11-12 16:30:53,926 - INFO - Version information:
	Time and date: Tue Nov 12 16:30:53 2019
	Platform: Linux-3.13.0-168-generic-x86_64-with-debian-jessie-sid
	Python version: 3.6.7 | packaged by conda-forge | (default, Feb 28 2019, 09:07:38)  [GCC 7.3.0]
	dms_tools2 version: 2.5.1
	Bio version: 1.73
	pandas version: 0.25.1
	numpy version: 1.16.4
	IPython version: 7.6.1
	jupyter version: 1.0.0
	matplotlib version: 3.1.1
	plotnine version: 0.6.0
	natsort version: 6.0.0
	pystan version: 2.16.0.0
	scipy version: 1.2.2
	seaborn version: 0.9.0
	phydmslib version: 2.3.3
	statsmodels version: 0.10.0
	rpy2 version: 2.9.4
	regex version: 2.5.33
	umi_tools version: 1.0.0

2019-11-12 16:30:53,926 - INFO - Parsed the following arguments:
	outdir = ./results_exp2/codoncounts
	ncpus = -1
	use_existing = yes
	refseq = ./data/Bru_Pol.fasta
	alignspecs = ['204,504,34,34']
	bclen = 8
	fastqdir = ./FASTQ_files_exp2/
	R2 = None
	R1trim = [200]
	R2trim = [170]
	bclen2 = None
	chartype = codon
	maxmuts = 100
	minq = 15
	minreads = 2
	minfraccall = 0.95
	minconcur = 0.75
	sitemask = ./data/sitemask.csv
	purgeread = 0
	purgebc = 0
	bcinfo = False
	name = COIIE68AE254A-B
	R1 = ['COIIE68AE254A-B_R1.fastq.gz']

2019-11-12 16:30:53,941 - INFO - Read refseq of 3048 codons from ./data/Bru_Pol.fasta
2019-11-12 16:30:53,944 - INFO - Reads are in these FASTQ pairs:
	./FASTQ_files_exp2/COIIE68AE254A-B_R1.fastq.gz and ./FASTQ_files_exp2/COIIE68AE254A-B_R2.fastq.gz

2019-11-12 16:30:53,944 - INFO - Now parsing read pairs...
2019-11-12 16:31:00,287 - INFO - Reads parsed so far: 500000
2019-11-12 16:31:01,501 - INFO - Parsed 587966 reads, found 484025 unique barcodes.
2019-11-12 16:31:01,505 - INFO - Summary stats on reads:
  total  fail filter  low Q barcode
 587966            0          42043
2019-11-12 16:31:01,505 - INFO - Writing these stats to ./results_exp2/codoncounts/COIIE68AE254A-B_readstats.csv

2019-11-12 16:31:01,620 - INFO - Number of reads per barcode:
                 number of barcodes
number of reads                    
1                            427860
2                             50915
3                              4870
4                               361
5                                17
6                                 1
88                                1
2019-11-12 16:31:01,620 - INFO - Writing these stats to ./results_exp2/codoncounts/COIIE68AE254A-B_readsperbc.csv

2019-11-12 16:31:01,625 - INFO - Examining the 484025 barcodes to build and align subamplicons...
2019-11-12 16:31:03,124 - INFO - Barcodes examined so far: 200000
2019-11-12 16:31:03,934 - INFO - Barcodes examined so far: 400000
2019-11-12 16:31:04,033 - INFO - Examined all barcodes. Summary stats:
  total  too few reads  not alignable  aligned
 484025         427860           2349    53816
2019-11-12 16:31:04,034 - INFO - Writing these stats to ./results_exp2/codoncounts/COIIE68AE254A-B_bcstats.csv

2019-11-12 16:31:04,058 - INFO - Filtering to only sites listed in sitemask ./data/sitemask.csv
2019-11-12 16:31:04,075 - INFO - Filtered from 1016 to 101 sites.
2019-11-12 16:31:04,075 - INFO - Writing the counts of each codon identity at each site to ./results_exp2/codoncounts/COIIE68AE254A-B_codoncounts.csv

2019-11-12 16:31:04,083 - INFO - Successful completion of dms2_bcsubamp
