2019-11-12 16:30:49,531 - INFO - Beginning execution of dms2_bcsubamp in directory /fh/fast/bloom_j/computational_notebooks/adingens/2019/SuperRes_Hypermut

2019-11-12 16:30:49,531 - INFO - Progress is being logged to ./results_exp2/codoncounts/COII-B.log
2019-11-12 16:30:49,534 - INFO - Version information:
	Time and date: Tue Nov 12 16:30:49 2019
	Platform: Linux-3.13.0-168-generic-x86_64-with-debian-jessie-sid
	Python version: 3.6.7 | packaged by conda-forge | (default, Feb 28 2019, 09:07:38)  [GCC 7.3.0]
	dms_tools2 version: 2.5.1
	Bio version: 1.73
	pandas version: 0.25.1
	numpy version: 1.16.4
	IPython version: 7.6.1
	jupyter version: 1.0.0
	matplotlib version: 3.1.1
	plotnine version: 0.6.0
	natsort version: 6.0.0
	pystan version: 2.16.0.0
	scipy version: 1.2.2
	seaborn version: 0.9.0
	phydmslib version: 2.3.3
	statsmodels version: 0.10.0
	rpy2 version: 2.9.4
	regex version: 2.5.33
	umi_tools version: 1.0.0

2019-11-12 16:30:49,535 - INFO - Parsed the following arguments:
	outdir = ./results_exp2/codoncounts
	ncpus = -1
	use_existing = yes
	refseq = ./data/Bru_Pol.fasta
	alignspecs = ['204,504,34,34']
	bclen = 8
	fastqdir = ./FASTQ_files_exp2/
	R2 = None
	R1trim = [200]
	R2trim = [170]
	bclen2 = None
	chartype = codon
	maxmuts = 100
	minq = 15
	minreads = 2
	minfraccall = 0.95
	minconcur = 0.75
	sitemask = ./data/sitemask.csv
	purgeread = 0
	purgebc = 0
	bcinfo = False
	name = COII-B
	R1 = ['COII-B_R1.fastq.gz']

2019-11-12 16:30:49,550 - INFO - Read refseq of 3048 codons from ./data/Bru_Pol.fasta
2019-11-12 16:30:49,552 - INFO - Reads are in these FASTQ pairs:
	./FASTQ_files_exp2/COII-B_R1.fastq.gz and ./FASTQ_files_exp2/COII-B_R2.fastq.gz

2019-11-12 16:30:49,552 - INFO - Now parsing read pairs...
2019-11-12 16:30:56,347 - INFO - Reads parsed so far: 500000
2019-11-12 16:31:01,548 - INFO - Parsed 952636 reads, found 567156 unique barcodes.
2019-11-12 16:31:01,553 - INFO - Summary stats on reads:
  total  fail filter  low Q barcode
 952636            0          67274
2019-11-12 16:31:01,553 - INFO - Writing these stats to ./results_exp2/codoncounts/COII-B_readstats.csv

2019-11-12 16:31:01,707 - INFO - Number of reads per barcode:
                 number of barcodes
number of reads                    
1                            346503
2                            147661
3                             53744
4                             14941
5                              3512
6                               655
7                               125
8                                12
9                                 2
62                                1
2019-11-12 16:31:01,708 - INFO - Writing these stats to ./results_exp2/codoncounts/COII-B_readsperbc.csv

2019-11-12 16:31:01,711 - INFO - Examining the 567156 barcodes to build and align subamplicons...
2019-11-12 16:31:06,328 - INFO - Barcodes examined so far: 200000
2019-11-12 16:31:09,579 - INFO - Barcodes examined so far: 400000
2019-11-12 16:31:10,708 - INFO - Examined all barcodes. Summary stats:
  total  too few reads  not alignable  aligned
 567156         346503           9173   211480
2019-11-12 16:31:10,708 - INFO - Writing these stats to ./results_exp2/codoncounts/COII-B_bcstats.csv

2019-11-12 16:31:10,735 - INFO - Filtering to only sites listed in sitemask ./data/sitemask.csv
2019-11-12 16:31:10,750 - INFO - Filtered from 1016 to 101 sites.
2019-11-12 16:31:10,750 - INFO - Writing the counts of each codon identity at each site to ./results_exp2/codoncounts/COII-B_codoncounts.csv

2019-11-12 16:31:10,759 - INFO - Successful completion of dms2_bcsubamp
