2019-11-12 16:30:41,018 - INFO - Beginning execution of dms2_bcsubamp in directory /fh/fast/bloom_j/computational_notebooks/adingens/2019/SuperRes_Hypermut

2019-11-12 16:30:41,018 - INFO - Progress is being logged to ./results_exp2/codoncounts/COTDE254A-B.log
2019-11-12 16:30:41,026 - INFO - Version information:
	Time and date: Tue Nov 12 16:30:41 2019
	Platform: Linux-3.13.0-168-generic-x86_64-with-debian-jessie-sid
	Python version: 3.6.7 | packaged by conda-forge | (default, Feb 28 2019, 09:07:38)  [GCC 7.3.0]
	dms_tools2 version: 2.5.1
	Bio version: 1.73
	pandas version: 0.25.1
	numpy version: 1.16.4
	IPython version: 7.6.1
	jupyter version: 1.0.0
	matplotlib version: 3.1.1
	plotnine version: 0.6.0
	natsort version: 6.0.0
	pystan version: 2.16.0.0
	scipy version: 1.2.2
	seaborn version: 0.9.0
	phydmslib version: 2.3.3
	statsmodels version: 0.10.0
	rpy2 version: 2.9.4
	regex version: 2.5.33
	umi_tools version: 1.0.0

2019-11-12 16:30:41,026 - INFO - Parsed the following arguments:
	outdir = ./results_exp2/codoncounts
	ncpus = -1
	use_existing = yes
	refseq = ./data/Bru_Pol.fasta
	alignspecs = ['204,504,34,34']
	bclen = 8
	fastqdir = ./FASTQ_files_exp2/
	R2 = None
	R1trim = [200]
	R2trim = [170]
	bclen2 = None
	chartype = codon
	maxmuts = 100
	minq = 15
	minreads = 2
	minfraccall = 0.95
	minconcur = 0.75
	sitemask = ./data/sitemask.csv
	purgeread = 0
	purgebc = 0
	bcinfo = False
	name = COTDE254A-B
	R1 = ['COTDE254A-B_R1.fastq.gz']

2019-11-12 16:30:41,059 - INFO - Read refseq of 3048 codons from ./data/Bru_Pol.fasta
2019-11-12 16:30:41,063 - INFO - Reads are in these FASTQ pairs:
	./FASTQ_files_exp2/COTDE254A-B_R1.fastq.gz and ./FASTQ_files_exp2/COTDE254A-B_R2.fastq.gz

2019-11-12 16:30:41,063 - INFO - Now parsing read pairs...
2019-11-12 16:30:47,377 - INFO - Reads parsed so far: 500000
2019-11-12 16:30:51,678 - INFO - Parsed 844582 reads, found 375497 unique barcodes.
2019-11-12 16:30:51,683 - INFO - Summary stats on reads:
  total  fail filter  low Q barcode
 844582            0          66548
2019-11-12 16:30:51,683 - INFO - Writing these stats to ./results_exp2/codoncounts/COTDE254A-B_readstats.csv

2019-11-12 16:30:51,775 - INFO - Number of reads per barcode:
                 number of barcodes
number of reads                    
1                            156109
2                            107079
3                             65316
4                             30392
5                             11421
6                              3695
7                              1081
8                               315
9                                71
10                               14
11                                3
77                                1
2019-11-12 16:30:51,775 - INFO - Writing these stats to ./results_exp2/codoncounts/COTDE254A-B_readsperbc.csv

2019-11-12 16:30:51,779 - INFO - Examining the 375497 barcodes to build and align subamplicons...
2019-11-12 16:30:58,168 - INFO - Barcodes examined so far: 200000
2019-11-12 16:31:01,173 - INFO - Examined all barcodes. Summary stats:
  total  too few reads  not alignable  aligned
 375497         156109           7213   212175
2019-11-12 16:31:01,173 - INFO - Writing these stats to ./results_exp2/codoncounts/COTDE254A-B_bcstats.csv

2019-11-12 16:31:01,195 - INFO - Filtering to only sites listed in sitemask ./data/sitemask.csv
2019-11-12 16:31:01,205 - INFO - Filtered from 1016 to 101 sites.
2019-11-12 16:31:01,205 - INFO - Writing the counts of each codon identity at each site to ./results_exp2/codoncounts/COTDE254A-B_codoncounts.csv

2019-11-12 16:31:01,214 - INFO - Successful completion of dms2_bcsubamp
