2019-11-12 16:30:38,455 - INFO - Beginning execution of dms2_bcsubamp in directory /fh/fast/bloom_j/computational_notebooks/adingens/2019/SuperRes_Hypermut

2019-11-12 16:30:38,455 - INFO - Progress is being logged to ./results_exp2/codoncounts/COTD-B.log
2019-11-12 16:30:38,458 - INFO - Version information:
	Time and date: Tue Nov 12 16:30:38 2019
	Platform: Linux-3.13.0-168-generic-x86_64-with-debian-jessie-sid
	Python version: 3.6.7 | packaged by conda-forge | (default, Feb 28 2019, 09:07:38)  [GCC 7.3.0]
	dms_tools2 version: 2.5.1
	Bio version: 1.73
	pandas version: 0.25.1
	numpy version: 1.16.4
	IPython version: 7.6.1
	jupyter version: 1.0.0
	matplotlib version: 3.1.1
	plotnine version: 0.6.0
	natsort version: 6.0.0
	pystan version: 2.16.0.0
	scipy version: 1.2.2
	seaborn version: 0.9.0
	phydmslib version: 2.3.3
	statsmodels version: 0.10.0
	rpy2 version: 2.9.4
	regex version: 2.5.33
	umi_tools version: 1.0.0

2019-11-12 16:30:38,458 - INFO - Parsed the following arguments:
	outdir = ./results_exp2/codoncounts
	ncpus = -1
	use_existing = yes
	refseq = ./data/Bru_Pol.fasta
	alignspecs = ['204,504,34,34']
	bclen = 8
	fastqdir = ./FASTQ_files_exp2/
	R2 = None
	R1trim = [200]
	R2trim = [170]
	bclen2 = None
	chartype = codon
	maxmuts = 100
	minq = 15
	minreads = 2
	minfraccall = 0.95
	minconcur = 0.75
	sitemask = ./data/sitemask.csv
	purgeread = 0
	purgebc = 0
	bcinfo = False
	name = COTD-B
	R1 = ['COTD-B_R1.fastq.gz']

2019-11-12 16:30:38,480 - INFO - Read refseq of 3048 codons from ./data/Bru_Pol.fasta
2019-11-12 16:30:38,482 - INFO - Reads are in these FASTQ pairs:
	./FASTQ_files_exp2/COTD-B_R1.fastq.gz and ./FASTQ_files_exp2/COTD-B_R2.fastq.gz

2019-11-12 16:30:38,482 - INFO - Now parsing read pairs...
2019-11-12 16:30:45,162 - INFO - Reads parsed so far: 500000
2019-11-12 16:30:51,397 - INFO - Reads parsed so far: 1000000
2019-11-12 16:30:52,157 - INFO - Parsed 1069575 reads, found 681469 unique barcodes.
2019-11-12 16:30:52,161 - INFO - Summary stats on reads:
   total  fail filter  low Q barcode
 1069575            0          78851
2019-11-12 16:30:52,161 - INFO - Writing these stats to ./results_exp2/codoncounts/COTD-B_readstats.csv

2019-11-12 16:30:52,319 - INFO - Number of reads per barcode:
                 number of barcodes
number of reads                    
1                            453109
2                            164797
3                             49430
4                             11557
5                              2161
6                               355
7                                49
8                                 7
9                                 1
10                                2
140                               1
2019-11-12 16:30:52,319 - INFO - Writing these stats to ./results_exp2/codoncounts/COTD-B_readsperbc.csv

2019-11-12 16:30:52,323 - INFO - Examining the 681469 barcodes to build and align subamplicons...
2019-11-12 16:30:56,596 - INFO - Barcodes examined so far: 200000
2019-11-12 16:30:59,835 - INFO - Barcodes examined so far: 400000
2019-11-12 16:31:01,724 - INFO - Barcodes examined so far: 600000
2019-11-12 16:31:01,947 - INFO - Examined all barcodes. Summary stats:
  total  too few reads  not alignable  aligned
 681469         453109           9511   218849
2019-11-12 16:31:01,947 - INFO - Writing these stats to ./results_exp2/codoncounts/COTD-B_bcstats.csv

2019-11-12 16:31:01,980 - INFO - Filtering to only sites listed in sitemask ./data/sitemask.csv
2019-11-12 16:31:01,998 - INFO - Filtered from 1016 to 101 sites.
2019-11-12 16:31:01,998 - INFO - Writing the counts of each codon identity at each site to ./results_exp2/codoncounts/COTD-B_codoncounts.csv

2019-11-12 16:31:02,007 - INFO - Successful completion of dms2_bcsubamp
