2019-11-12 16:36:51,136 - INFO - Beginning execution of dms2_batch_bcsubamp in directory /fh/fast/bloom_j/computational_notebooks/adingens/2019/SuperRes_Hypermut

2019-11-12 16:36:51,137 - INFO - Progress is being logged to ./results_exp2/codoncounts/summary.log
2019-11-12 16:36:51,143 - INFO - Version information:
	Time and date: Tue Nov 12 16:36:51 2019
	Platform: Linux-3.13.0-143-generic-x86_64-with-debian-jessie-sid
	Python version: 3.6.7 | packaged by conda-forge | (default, Feb 28 2019, 09:07:38)  [GCC 7.3.0]
	dms_tools2 version: 2.5.1
	Bio version: 1.73
	pandas version: 0.25.1
	numpy version: 1.16.4
	IPython version: 7.6.1
	jupyter version: 1.0.0
	matplotlib version: 3.1.1
	plotnine version: 0.6.0
	natsort version: 6.0.0
	pystan version: 2.16.0.0
	scipy version: 1.2.2
	seaborn version: 0.9.0
	phydmslib version: 2.3.3
	statsmodels version: 0.10.0
	rpy2 version: 2.9.4
	regex version: 2.5.33
	umi_tools version: 1.0.0

2019-11-12 16:36:51,143 - INFO - Parsed the following arguments:
	outdir = ./results_exp2/codoncounts
	ncpus = 14
	use_existing = yes
	refseq = ./data/Bru_Pol.fasta
	alignspecs = ['204,504,34,34']
	bclen = 8
	fastqdir = ./FASTQ_files_exp2/
	R2 = None
	R1trim = [200]
	R2trim = [170]
	bclen2 = None
	chartype = codon
	maxmuts = 100
	minq = 15
	minreads = 2
	minfraccall = 0.95
	minconcur = 0.75
	sitemask = ./data/sitemask.csv
	purgeread = 0
	purgebc = 0
	bcinfo = False
	batchfile = ./results_exp2/codoncounts/batch.csv
	summaryprefix = summary

2019-11-12 16:36:51,143 - INFO - Parsing sample info from ./results_exp2/codoncounts/batch.csv
2019-11-12 16:36:51,159 - INFO - Read the following sample information:
name,R1
PLASMIDCTRL-A,PLASMIDCTRL-A_R1.fastq.gz
NoA3-A,NoA3-A_R1.fastq.gz
A3G-A,A3G-A_R1.fastq.gz
A3C-A,A3C-A_R1.fastq.gz
A3CE68A-A,A3CE68A-A_R1.fastq.gz
COTD-A,COTD-A_R1.fastq.gz
COTDE254A-A,COTDE254A-A_R1.fastq.gz
COTDE68AE254A-A,COTDE68AE254A-A_R1.fastq.gz
I188-A,I188-A_R1.fastq.gz
I188E68A-A,I188E68A-A_R1.fastq.gz
COII-A,COII-A_R1.fastq.gz
COIIE68AE254A-A,COIIE68AE254A-A_R1.fastq.gz
NoA3-B,NoA3-B_R1.fastq.gz
A3G-B,A3G-B_R1.fastq.gz
A3C-B,A3C-B_R1.fastq.gz
A3CE68A-B,A3CE68A-B_R1.fastq.gz
COTD-B,COTD-B_R1.fastq.gz
COTDE254A-B,COTDE254A-B_R1.fastq.gz
COTDE68AE254A-B,COTDE68AE254A-B_R1.fastq.gz
I188-B,I188-B_R1.fastq.gz
I188E68A-B,I188E68A-B_R1.fastq.gz
COII-B,COII-B_R1.fastq.gz
COIIE68AE254A-B,COIIE68AE254A-B_R1.fastq.gz


2019-11-12 16:36:51,205 - INFO - Output files already exist and '--use_existing' is 'yes', so exiting with no further action.
