2020-01-17 14:27:28,208 - INFO - Beginning execution of dms2_bcsubamp in directory /fh/fast/bloom_j/computational_notebooks/kdusenbu/2019/SuperRFs/SuperRestrictionFactor_Hypermutation

2020-01-17 14:27:28,209 - INFO - Progress is being logged to ./results_1and1b/codoncounts/A3C-2.log
2020-01-17 14:27:28,581 - INFO - Version information:
	Time and date: Fri Jan 17 14:27:28 2020
	Platform: Linux-3.13.0-143-generic-x86_64-with-debian-jessie-sid
	Python version: 3.6.7 | packaged by conda-forge | (default, Jul  2 2019, 02:18:42)  [GCC 7.3.0]
	dms_tools2 version: 2.6.4
	Bio version: 1.74
	pandas version: 0.25.3
	numpy version: 1.17.2
	IPython version: 7.10.2
	jupyter version unknown
	matplotlib version: 3.1.2
	plotnine version: 0.6.0
	natsort version: 6.0.0
	pystan version: 2.19.0.0
	scipy version: 1.3.1
	seaborn version: 0.9.0
	phydmslib version: 2.3.8
	statsmodels version: 0.10.1
	rpy2 version: 3.1.0
	regex version: 2.5.64
	umi_tools version: 1.0.0

2020-01-17 14:27:28,582 - INFO - Parsed the following arguments:
	outdir = ./results_1and1b/codoncounts
	ncpus = -1
	use_existing = no
	refseq = ./data/Bru_Pol.fasta
	alignspecs = ['205,504,35,34']
	bclen = 8
	fastqdir = ../../../../adingens/2019/SuperRes_Hypermut/FASTQ_files
	R2 = None
	R1trim = [200]
	R2trim = [170]
	bclen2 = None
	chartype = codon
	maxmuts = 33
	minq = 17
	minreads = 2
	minfraccall = 0.95
	minconcur = 0.75
	sitemask = ./data/sitemask.csv
	purgeread = 0
	purgebc = 0
	bcinfo = True
	bcinfo_csv = True
	name = A3C-2
	R1 = ['A3C-2_R1.fastq.gz']

2020-01-17 14:27:28,584 - INFO - Removing existing file ./results_1and1b/codoncounts/A3C-2_codoncounts.csv
2020-01-17 14:27:28,609 - INFO - Removing existing file ./results_1and1b/codoncounts/A3C-2_readstats.csv
2020-01-17 14:27:28,612 - INFO - Removing existing file ./results_1and1b/codoncounts/A3C-2_readsperbc.csv
2020-01-17 14:27:28,614 - INFO - Removing existing file ./results_1and1b/codoncounts/A3C-2_bcstats.csv
2020-01-17 14:27:28,619 - INFO - Removing existing file ./results_1and1b/codoncounts/A3C-2_bcinfo.csv.gz
2020-01-17 14:27:29,008 - INFO - Read refseq of 3048 codons from ./data/Bru_Pol.fasta
2020-01-17 14:27:29,011 - INFO - Reads are in these FASTQ pairs:
	../../../../adingens/2019/SuperRes_Hypermut/FASTQ_files/A3C-2_R1.fastq.gz and ../../../../adingens/2019/SuperRes_Hypermut/FASTQ_files/A3C-2_R2.fastq.gz

2020-01-17 14:27:29,012 - INFO - Now parsing read pairs...
2020-01-17 14:27:40,329 - INFO - Reads parsed so far: 500000
2020-01-17 14:27:55,080 - INFO - Reads parsed so far: 1000000
2020-01-17 14:28:01,721 - INFO - Parsed 1178518 reads, found 755799 unique barcodes.
2020-01-17 14:28:01,740 - INFO - Summary stats on reads:
   total  fail filter  low Q barcode
 1178518            0          65967
2020-01-17 14:28:01,741 - INFO - Writing these stats to ./results_1and1b/codoncounts/A3C-2_readstats.csv

2020-01-17 14:28:02,016 - INFO - Number of reads per barcode:
                 number of barcodes
number of reads                    
1                            496807
2                            182892
3                             58516
4                             14207
5                              2818
6                               477
7                                70
8                                 9
9                                 2
52                                1
2020-01-17 14:28:02,017 - INFO - Writing these stats to ./results_1and1b/codoncounts/A3C-2_readsperbc.csv

2020-01-17 14:28:02,022 - INFO - Examining the 755799 barcodes to build and align subamplicons...
2020-01-17 14:28:11,991 - INFO - Barcodes examined so far: 200000
2020-01-17 14:28:20,968 - INFO - Barcodes examined so far: 400000
2020-01-17 14:28:27,739 - INFO - Barcodes examined so far: 600000
2020-01-17 14:28:31,056 - INFO - Examined all barcodes. Summary stats:
  total  too few reads  not alignable  aligned
 755799         496807          12090   246902
2020-01-17 14:28:31,057 - INFO - Writing these stats to ./results_1and1b/codoncounts/A3C-2_bcstats.csv

2020-01-17 14:28:31,104 - INFO - Filtering to only sites listed in sitemask ./data/sitemask.csv
2020-01-17 14:28:31,188 - INFO - Filtered from 1016 to 101 sites.
2020-01-17 14:28:31,189 - INFO - Writing the counts of each codon identity at each site to ./results_1and1b/codoncounts/A3C-2_codoncounts.csv

2020-01-17 14:28:31,203 - INFO - Successful completion of dms2_bcsubamp
