2019-12-05 17:03:57,220 - INFO - Beginning execution of dms2_bcsubamp in directory /fh/fast/bloom_j/computational_notebooks/kdusenbu/2019/SuperRFs/SuperRestrictionFactor_Hypermutation

2019-12-05 17:03:57,220 - INFO - Progress is being logged to ./results_1and1b/codoncounts/A3G-1.log
2019-12-05 17:03:57,225 - INFO - Version information:
	Time and date: Thu Dec  5 17:03:57 2019
	Platform: Linux-3.13.0-143-generic-x86_64-with-debian-jessie-sid
	Python version: 3.6.7 | packaged by conda-forge | (default, Jul  2 2019, 02:18:42)  [GCC 7.3.0]
	dms_tools2 version: 2.6.4
	Bio version: 1.74
	pandas version: 0.25.3
	numpy version: 1.17.2
	IPython version: 7.8.0
	jupyter version unknown
	matplotlib version: 3.1.2
	plotnine version: 0.6.0
	natsort version: 6.0.0
	pystan version: 2.19.0.0
	scipy version: 1.3.1
	seaborn version: 0.9.0
	phydmslib version: 2.3.6
	statsmodels version: 0.10.1
	rpy2 version: 3.1.0
	regex version: 2.5.64
	umi_tools version: 1.0.0

2019-12-05 17:03:57,225 - INFO - Parsed the following arguments:
	outdir = ./results_1and1b/codoncounts
	ncpus = -1
	use_existing = no
	refseq = ./data/Bru_Pol.fasta
	alignspecs = ['205,504,35,34']
	bclen = 8
	fastqdir = ../../../../adingens/2019/SuperRes_Hypermut/FASTQ_files
	R2 = None
	R1trim = [200]
	R2trim = [170]
	bclen2 = None
	chartype = codon
	maxmuts = 33
	minq = 17
	minreads = 2
	minfraccall = 0.95
	minconcur = 0.75
	sitemask = ./data/sitemask.csv
	purgeread = 0
	purgebc = 0
	bcinfo = True
	bcinfo_csv = True
	name = A3G-1
	R1 = ['A3G-1_R1.fastq.gz']

2019-12-05 17:03:57,227 - INFO - Removing existing file ./results_1and1b/codoncounts/A3G-1_codoncounts.csv
2019-12-05 17:03:57,232 - INFO - Removing existing file ./results_1and1b/codoncounts/A3G-1_readstats.csv
2019-12-05 17:03:57,237 - INFO - Removing existing file ./results_1and1b/codoncounts/A3G-1_readsperbc.csv
2019-12-05 17:03:57,242 - INFO - Removing existing file ./results_1and1b/codoncounts/A3G-1_bcstats.csv
2019-12-05 17:03:57,246 - INFO - Removing existing file ./results_1and1b/codoncounts/A3G-1_bcinfo.csv.gz
2019-12-05 17:03:57,272 - INFO - Read refseq of 3048 codons from ./data/Bru_Pol.fasta
2019-12-05 17:03:57,272 - INFO - Reads are in these FASTQ pairs:
	../../../../adingens/2019/SuperRes_Hypermut/FASTQ_files/A3G-1_R1.fastq.gz and ../../../../adingens/2019/SuperRes_Hypermut/FASTQ_files/A3G-1_R2.fastq.gz

2019-12-05 17:03:57,273 - INFO - Now parsing read pairs...
2019-12-05 17:04:04,145 - INFO - Reads parsed so far: 500000
2019-12-05 17:04:11,230 - INFO - Reads parsed so far: 1000000
2019-12-05 17:04:17,435 - INFO - Reads parsed so far: 1500000
2019-12-05 17:04:25,525 - INFO - Reads parsed so far: 2000000
2019-12-05 17:04:31,447 - INFO - Parsed 2470811 reads, found 1386581 unique barcodes.
2019-12-05 17:04:31,458 - INFO - Summary stats on reads:
   total  fail filter  low Q barcode
 2470811            0         128361
2019-12-05 17:04:31,458 - INFO - Writing these stats to ./results_1and1b/codoncounts/A3G-1_readstats.csv

2019-12-05 17:04:31,975 - INFO - Number of reads per barcode:
                 number of barcodes
number of reads                    
1                            783615
2                            358874
3                            164091
4                             58222
5                             16539
6                              4064
7                               941
8                               196
9                                35
10                                2
16                                1
341                               1
2019-12-05 17:04:31,975 - INFO - Writing these stats to ./results_1and1b/codoncounts/A3G-1_readsperbc.csv

2019-12-05 17:04:31,979 - INFO - Examining the 1386581 barcodes to build and align subamplicons...
2019-12-05 17:04:44,328 - INFO - Barcodes examined so far: 200000
2019-12-05 17:04:55,963 - INFO - Barcodes examined so far: 400000
2019-12-05 17:05:06,887 - INFO - Barcodes examined so far: 600000
2019-12-05 17:05:16,766 - INFO - Barcodes examined so far: 800000
2019-12-05 17:05:25,198 - INFO - Barcodes examined so far: 1000000
2019-12-05 17:05:31,689 - INFO - Barcodes examined so far: 1200000
2019-12-05 17:05:35,278 - INFO - Examined all barcodes. Summary stats:
   total  too few reads  not alignable  aligned
 1386581         783615          29895   573071
2019-12-05 17:05:35,279 - INFO - Writing these stats to ./results_1and1b/codoncounts/A3G-1_bcstats.csv

2019-12-05 17:05:35,317 - INFO - Filtering to only sites listed in sitemask ./data/sitemask.csv
2019-12-05 17:05:35,355 - INFO - Filtered from 1016 to 101 sites.
2019-12-05 17:05:35,355 - INFO - Writing the counts of each codon identity at each site to ./results_1and1b/codoncounts/A3G-1_codoncounts.csv

2019-12-05 17:05:35,369 - INFO - Successful completion of dms2_bcsubamp
