2019-11-20 10:44:32,627 - INFO - Beginning execution of dms2_bcsubamp in directory /fh/fast/bloom_j/computational_notebooks/kdusenbu/2019/SuperRFs/SuperRestrictionFactor_Hypermutation

2019-11-20 10:44:32,628 - INFO - Progress is being logged to ./results_1and1b/codoncounts/A3G-2.log
2019-11-20 10:44:32,633 - INFO - Version information:
	Time and date: Wed Nov 20 10:44:32 2019
	Platform: Linux-3.13.0-143-generic-x86_64-with-debian-jessie-sid
	Python version: 3.6.7 | packaged by conda-forge | (default, Jul  2 2019, 02:18:42)  [GCC 7.3.0]
	dms_tools2 version: 2.6.4
	Bio version: 1.74
	pandas version: 0.25.1
	numpy version: 1.17.2
	IPython version: 7.8.0
	jupyter version unknown
	matplotlib version: 3.1.1
	plotnine version: 0.6.0
	natsort version: 6.0.0
	pystan version: 2.19.0.0
	scipy version: 1.3.1
	seaborn version: 0.9.0
	phydmslib version: 2.3.4
	statsmodels version: 0.10.1
	rpy2 version: 3.1.0
	regex version: 2.5.64
	umi_tools version: 1.0.0

2019-11-20 10:44:32,633 - INFO - Parsed the following arguments:
	outdir = ./results_1and1b/codoncounts
	ncpus = -1
	use_existing = no
	refseq = ./data/Bru_Pol.fasta
	alignspecs = ['205,504,35,34']
	bclen = 8
	fastqdir = ../../../../adingens/2019/SuperRes_Hypermut/FASTQ_files
	R2 = None
	R1trim = [200]
	R2trim = [170]
	bclen2 = None
	chartype = codon
	maxmuts = 30
	minq = 15
	minreads = 2
	minfraccall = 0.95
	minconcur = 0.75
	sitemask = ./data/sitemask.csv
	purgeread = 0
	purgebc = 0
	bcinfo = True
	bcinfo_csv = True
	name = A3G-2
	R1 = ['A3G-2_R1.fastq.gz']

2019-11-20 10:44:32,638 - INFO - Removing existing file ./results_1and1b/codoncounts/A3G-2_codoncounts.csv
2019-11-20 10:44:32,783 - INFO - Removing existing file ./results_1and1b/codoncounts/A3G-2_readstats.csv
2019-11-20 10:44:32,895 - INFO - Removing existing file ./results_1and1b/codoncounts/A3G-2_readsperbc.csv
2019-11-20 10:44:32,988 - INFO - Removing existing file ./results_1and1b/codoncounts/A3G-2_bcstats.csv
2019-11-20 10:44:33,114 - INFO - Removing existing file ./results_1and1b/codoncounts/A3G-2_bcinfo.csv.gz
2019-11-20 10:44:33,182 - INFO - Read refseq of 3048 codons from ./data/Bru_Pol.fasta
2019-11-20 10:44:33,183 - INFO - Reads are in these FASTQ pairs:
	../../../../adingens/2019/SuperRes_Hypermut/FASTQ_files/A3G-2_R1.fastq.gz and ../../../../adingens/2019/SuperRes_Hypermut/FASTQ_files/A3G-2_R2.fastq.gz

2019-11-20 10:44:33,183 - INFO - Now parsing read pairs...
2019-11-20 10:44:40,014 - INFO - Reads parsed so far: 500000
2019-11-20 10:44:42,349 - INFO - Parsed 666190 reads, found 303618 unique barcodes.
2019-11-20 10:44:42,354 - INFO - Summary stats on reads:
  total  fail filter  low Q barcode
 666190            0          33505
2019-11-20 10:44:42,354 - INFO - Writing these stats to ./results_1and1b/codoncounts/A3G-2_readstats.csv

2019-11-20 10:44:42,478 - INFO - Number of reads per barcode:
                 number of barcodes
number of reads                    
1                            125082
2                             86654
3                             53129
4                             24869
5                              9533
6                              3161
7                               854
8                               252
9                                65
10                               16
12                                2
38                                1
2019-11-20 10:44:42,478 - INFO - Writing these stats to ./results_1and1b/codoncounts/A3G-2_readsperbc.csv

2019-11-20 10:44:42,484 - INFO - Examining the 303618 barcodes to build and align subamplicons...
2019-11-20 10:44:57,617 - INFO - Barcodes examined so far: 200000
2019-11-20 10:45:02,230 - INFO - Examined all barcodes. Summary stats:
  total  too few reads  not alignable  aligned
 303618         125082           7700   170836
2019-11-20 10:45:02,230 - INFO - Writing these stats to ./results_1and1b/codoncounts/A3G-2_bcstats.csv

2019-11-20 10:45:02,257 - INFO - Filtering to only sites listed in sitemask ./data/sitemask.csv
2019-11-20 10:45:02,270 - INFO - Filtered from 1016 to 101 sites.
2019-11-20 10:45:02,271 - INFO - Writing the counts of each codon identity at each site to ./results_1and1b/codoncounts/A3G-2_codoncounts.csv

2019-11-20 10:45:02,281 - INFO - Successful completion of dms2_bcsubamp
