2019-12-05 17:12:05,792 - INFO - Beginning execution of dms2_bcsubamp in directory /fh/fast/bloom_j/computational_notebooks/kdusenbu/2019/SuperRFs/SuperRestrictionFactor_Hypermutation

2019-12-05 17:12:05,793 - INFO - Progress is being logged to ./results_1and1b/codoncounts/COII-2.log
2019-12-05 17:12:05,801 - INFO - Version information:
	Time and date: Thu Dec  5 17:12:05 2019
	Platform: Linux-3.13.0-143-generic-x86_64-with-debian-jessie-sid
	Python version: 3.6.7 | packaged by conda-forge | (default, Jul  2 2019, 02:18:42)  [GCC 7.3.0]
	dms_tools2 version: 2.6.4
	Bio version: 1.74
	pandas version: 0.25.3
	numpy version: 1.17.2
	IPython version: 7.8.0
	jupyter version unknown
	matplotlib version: 3.1.2
	plotnine version: 0.6.0
	natsort version: 6.0.0
	pystan version: 2.19.0.0
	scipy version: 1.3.1
	seaborn version: 0.9.0
	phydmslib version: 2.3.6
	statsmodels version: 0.10.1
	rpy2 version: 3.1.0
	regex version: 2.5.64
	umi_tools version: 1.0.0

2019-12-05 17:12:05,802 - INFO - Parsed the following arguments:
	outdir = ./results_1and1b/codoncounts
	ncpus = -1
	use_existing = no
	refseq = ./data/Bru_Pol.fasta
	alignspecs = ['205,504,35,34']
	bclen = 8
	fastqdir = ../../../../adingens/2019/SuperRes_Hypermut/FASTQ_files
	R2 = None
	R1trim = [200]
	R2trim = [170]
	bclen2 = None
	chartype = codon
	maxmuts = 33
	minq = 17
	minreads = 2
	minfraccall = 0.95
	minconcur = 0.75
	sitemask = ./data/sitemask.csv
	purgeread = 0
	purgebc = 0
	bcinfo = True
	bcinfo_csv = True
	name = COII-2
	R1 = ['COII-2_R1.fastq.gz']

2019-12-05 17:12:05,804 - INFO - Removing existing file ./results_1and1b/codoncounts/COII-2_codoncounts.csv
2019-12-05 17:12:05,807 - INFO - Removing existing file ./results_1and1b/codoncounts/COII-2_readstats.csv
2019-12-05 17:12:05,810 - INFO - Removing existing file ./results_1and1b/codoncounts/COII-2_readsperbc.csv
2019-12-05 17:12:05,813 - INFO - Removing existing file ./results_1and1b/codoncounts/COII-2_bcstats.csv
2019-12-05 17:12:05,815 - INFO - Removing existing file ./results_1and1b/codoncounts/COII-2_bcinfo.csv.gz
2019-12-05 17:12:05,866 - INFO - Read refseq of 3048 codons from ./data/Bru_Pol.fasta
2019-12-05 17:12:05,869 - INFO - Reads are in these FASTQ pairs:
	../../../../adingens/2019/SuperRes_Hypermut/FASTQ_files/COII-2_R1.fastq.gz and ../../../../adingens/2019/SuperRes_Hypermut/FASTQ_files/COII-2_R2.fastq.gz

2019-12-05 17:12:05,869 - INFO - Now parsing read pairs...
2019-12-05 17:12:13,123 - INFO - Reads parsed so far: 500000
2019-12-05 17:12:20,342 - INFO - Reads parsed so far: 1000000
2019-12-05 17:12:27,752 - INFO - Reads parsed so far: 1500000
2019-12-05 17:12:34,477 - INFO - Reads parsed so far: 2000000
2019-12-05 17:12:35,613 - INFO - Parsed 2100459 reads, found 1307189 unique barcodes.
2019-12-05 17:12:35,622 - INFO - Summary stats on reads:
   total  fail filter  low Q barcode
 2100459            0         123881
2019-12-05 17:12:35,623 - INFO - Writing these stats to ./results_1and1b/codoncounts/COII-2_readstats.csv

2019-12-05 17:12:36,025 - INFO - Number of reads per barcode:
                 number of barcodes
number of reads                    
1                            863152
2                            293013
3                            101209
4                             33399
5                             11067
6                              3658
7                              1189
8                               357
9                                94
10                               37
11                                6
12                                4
13                                1
14                                2
344                               1
2019-12-05 17:12:36,025 - INFO - Writing these stats to ./results_1and1b/codoncounts/COII-2_readsperbc.csv

2019-12-05 17:12:36,032 - INFO - Examining the 1307189 barcodes to build and align subamplicons...
2019-12-05 17:12:46,602 - INFO - Barcodes examined so far: 200000
2019-12-05 17:12:55,541 - INFO - Barcodes examined so far: 400000
2019-12-05 17:13:03,105 - INFO - Barcodes examined so far: 600000
2019-12-05 17:13:09,948 - INFO - Barcodes examined so far: 800000
2019-12-05 17:13:15,332 - INFO - Barcodes examined so far: 1000000
2019-12-05 17:13:19,304 - INFO - Barcodes examined so far: 1200000
2019-12-05 17:13:20,706 - INFO - Examined all barcodes. Summary stats:
   total  too few reads  not alignable  aligned
 1307189         863152          22680   421357
2019-12-05 17:13:20,707 - INFO - Writing these stats to ./results_1and1b/codoncounts/COII-2_bcstats.csv

2019-12-05 17:13:20,743 - INFO - Filtering to only sites listed in sitemask ./data/sitemask.csv
2019-12-05 17:13:20,778 - INFO - Filtered from 1016 to 101 sites.
2019-12-05 17:13:20,778 - INFO - Writing the counts of each codon identity at each site to ./results_1and1b/codoncounts/COII-2_codoncounts.csv

2019-12-05 17:13:20,792 - INFO - Successful completion of dms2_bcsubamp
