2020-01-17 14:26:07,785 - INFO - Beginning execution of dms2_bcsubamp in directory /fh/fast/bloom_j/computational_notebooks/kdusenbu/2019/SuperRFs/SuperRestrictionFactor_Hypermutation

2020-01-17 14:26:07,786 - INFO - Progress is being logged to ./results_1and1b/codoncounts/COIIE68AE254A-1.log
2020-01-17 14:26:07,805 - INFO - Version information:
	Time and date: Fri Jan 17 14:26:07 2020
	Platform: Linux-3.13.0-143-generic-x86_64-with-debian-jessie-sid
	Python version: 3.6.7 | packaged by conda-forge | (default, Jul  2 2019, 02:18:42)  [GCC 7.3.0]
	dms_tools2 version: 2.6.4
	Bio version: 1.74
	pandas version: 0.25.3
	numpy version: 1.17.2
	IPython version: 7.10.2
	jupyter version unknown
	matplotlib version: 3.1.2
	plotnine version: 0.6.0
	natsort version: 6.0.0
	pystan version: 2.19.0.0
	scipy version: 1.3.1
	seaborn version: 0.9.0
	phydmslib version: 2.3.8
	statsmodels version: 0.10.1
	rpy2 version: 3.1.0
	regex version: 2.5.64
	umi_tools version: 1.0.0

2020-01-17 14:26:07,805 - INFO - Parsed the following arguments:
	outdir = ./results_1and1b/codoncounts
	ncpus = -1
	use_existing = no
	refseq = ./data/Bru_Pol.fasta
	alignspecs = ['205,504,35,34']
	bclen = 8
	fastqdir = ../../../../adingens/2019/SuperRes_Hypermut/FASTQ_files
	R2 = None
	R1trim = [200]
	R2trim = [170]
	bclen2 = None
	chartype = codon
	maxmuts = 33
	minq = 17
	minreads = 2
	minfraccall = 0.95
	minconcur = 0.75
	sitemask = ./data/sitemask.csv
	purgeread = 0
	purgebc = 0
	bcinfo = True
	bcinfo_csv = True
	name = COIIE68AE254A-1
	R1 = ['COIIE68AE254A-1_R1.fastq.gz']

2020-01-17 14:26:07,808 - INFO - Removing existing file ./results_1and1b/codoncounts/COIIE68AE254A-1_codoncounts.csv
2020-01-17 14:26:07,881 - INFO - Removing existing file ./results_1and1b/codoncounts/COIIE68AE254A-1_readstats.csv
2020-01-17 14:26:07,896 - INFO - Removing existing file ./results_1and1b/codoncounts/COIIE68AE254A-1_readsperbc.csv
2020-01-17 14:26:07,912 - INFO - Removing existing file ./results_1and1b/codoncounts/COIIE68AE254A-1_bcstats.csv
2020-01-17 14:26:07,914 - INFO - Removing existing file ./results_1and1b/codoncounts/COIIE68AE254A-1_bcinfo.csv.gz
2020-01-17 14:26:08,043 - INFO - Read refseq of 3048 codons from ./data/Bru_Pol.fasta
2020-01-17 14:26:08,046 - INFO - Reads are in these FASTQ pairs:
	../../../../adingens/2019/SuperRes_Hypermut/FASTQ_files/COIIE68AE254A-1_R1.fastq.gz and ../../../../adingens/2019/SuperRes_Hypermut/FASTQ_files/COIIE68AE254A-1_R2.fastq.gz

2020-01-17 14:26:08,047 - INFO - Now parsing read pairs...
2020-01-17 14:26:18,426 - INFO - Reads parsed so far: 500000
2020-01-17 14:26:27,543 - INFO - Parsed 904899 reads, found 477027 unique barcodes.
2020-01-17 14:26:27,564 - INFO - Summary stats on reads:
  total  fail filter  low Q barcode
 904899            0          53668
2020-01-17 14:26:27,565 - INFO - Writing these stats to ./results_1and1b/codoncounts/COIIE68AE254A-1_readstats.csv

2020-01-17 14:26:27,769 - INFO - Number of reads per barcode:
                 number of barcodes
number of reads                    
1                            245763
2                            133950
3                             64112
4                             23749
5                              7139
6                              1841
7                               383
8                                73
9                                11
10                                1
11                                4
77                                1
2020-01-17 14:26:27,770 - INFO - Writing these stats to ./results_1and1b/codoncounts/COIIE68AE254A-1_readsperbc.csv

2020-01-17 14:26:27,776 - INFO - Examining the 477027 barcodes to build and align subamplicons...
2020-01-17 14:26:38,164 - INFO - Barcodes examined so far: 200000
2020-01-17 14:26:47,070 - INFO - Barcodes examined so far: 400000
2020-01-17 14:26:48,942 - INFO - Examined all barcodes. Summary stats:
  total  too few reads  not alignable  aligned
 477027         245763          11230   220034
2020-01-17 14:26:48,943 - INFO - Writing these stats to ./results_1and1b/codoncounts/COIIE68AE254A-1_bcstats.csv

2020-01-17 14:26:48,980 - INFO - Filtering to only sites listed in sitemask ./data/sitemask.csv
2020-01-17 14:26:49,043 - INFO - Filtered from 1016 to 101 sites.
2020-01-17 14:26:49,044 - INFO - Writing the counts of each codon identity at each site to ./results_1and1b/codoncounts/COIIE68AE254A-1_codoncounts.csv

2020-01-17 14:26:49,059 - INFO - Successful completion of dms2_bcsubamp
