2019-11-14 15:55:59,883 - INFO - Beginning execution of dms2_bcsubamp in directory /fh/fast/bloom_j/computational_notebooks/adingens/2019/SuperRes_Hypermut

2019-11-14 15:55:59,883 - INFO - Progress is being logged to ./results_1and1b/codoncounts/COTDE254A-2.log
2019-11-14 15:55:59,887 - INFO - Version information:
	Time and date: Thu Nov 14 15:55:59 2019
	Platform: Linux-3.13.0-168-generic-x86_64-with-debian-jessie-sid
	Python version: 3.6.7 | packaged by conda-forge | (default, Feb 28 2019, 09:07:38)  [GCC 7.3.0]
	dms_tools2 version: 2.5.1
	Bio version: 1.73
	pandas version: 0.25.1
	numpy version: 1.16.4
	IPython version: 7.6.1
	jupyter version: 1.0.0
	matplotlib version: 3.1.1
	plotnine version: 0.6.0
	natsort version: 6.0.0
	pystan version: 2.16.0.0
	scipy version: 1.2.2
	seaborn version: 0.9.0
	phydmslib version: 2.3.3
	statsmodels version: 0.10.0
	rpy2 version: 2.9.4
	regex version: 2.5.33
	umi_tools version: 1.0.0

2019-11-14 15:55:59,887 - INFO - Parsed the following arguments:
	outdir = ./results_1and1b/codoncounts
	ncpus = -1
	use_existing = no
	refseq = ./data/Bru_Pol.fasta
	alignspecs = ['205,504,35,34']
	bclen = 8
	fastqdir = ./FASTQ_files/
	R2 = None
	R1trim = [200]
	R2trim = [170]
	bclen2 = None
	chartype = codon
	maxmuts = 100
	minq = 15
	minreads = 2
	minfraccall = 0.95
	minconcur = 0.75
	sitemask = ./data/sitemask.csv
	purgeread = 0
	purgebc = 0
	bcinfo = True
	name = COTDE254A-2
	R1 = ['COTDE254A-2_R1.fastq.gz']

2019-11-14 15:55:59,889 - INFO - Removing existing file ./results_1and1b/codoncounts/COTDE254A-2_codoncounts.csv
2019-11-14 15:55:59,891 - INFO - Removing existing file ./results_1and1b/codoncounts/COTDE254A-2_readstats.csv
2019-11-14 15:55:59,893 - INFO - Removing existing file ./results_1and1b/codoncounts/COTDE254A-2_readsperbc.csv
2019-11-14 15:55:59,895 - INFO - Removing existing file ./results_1and1b/codoncounts/COTDE254A-2_bcstats.csv
2019-11-14 15:55:59,897 - INFO - Removing existing file ./results_1and1b/codoncounts/COTDE254A-2_bcinfo.txt.gz
2019-11-14 15:55:59,918 - INFO - Read refseq of 3048 codons from ./data/Bru_Pol.fasta
2019-11-14 15:55:59,919 - INFO - Reads are in these FASTQ pairs:
	./FASTQ_files/COTDE254A-2_R1.fastq.gz and ./FASTQ_files/COTDE254A-2_R2.fastq.gz

2019-11-14 15:55:59,919 - INFO - Now parsing read pairs...
2019-11-14 15:56:06,010 - INFO - Reads parsed so far: 500000
2019-11-14 15:56:11,417 - INFO - Reads parsed so far: 1000000
2019-11-14 15:56:16,842 - INFO - Reads parsed so far: 1500000
2019-11-14 15:56:17,422 - INFO - Parsed 1553050 reads, found 261059 unique barcodes.
2019-11-14 15:56:17,427 - INFO - Summary stats on reads:
   total  fail filter  low Q barcode
 1553050            0          90792
2019-11-14 15:56:17,427 - INFO - Writing these stats to ./results_1and1b/codoncounts/COTDE254A-2_readstats.csv

2019-11-14 15:56:17,503 - INFO - Number of reads per barcode:
                 number of barcodes
number of reads                    
1                             66902
2                              6592
3                             10917
4                             16968
5                             22859
6                             26733
7                             26992
8                             24390
9                             19798
10                            14933
11                             9900
12                             6136
13                             3708
14                             1982
15                             1039
16                              537
17                              275
18                              159
19                              104
20                               48
21                               31
22                               15
23                               13
24                               11
25                                5
26                                5
27                                2
28                                1
29                                1
30                                1
31                                1
175                               1
2019-11-14 15:56:17,503 - INFO - Writing these stats to ./results_1and1b/codoncounts/COTDE254A-2_readsperbc.csv

2019-11-14 15:56:17,507 - INFO - Examining the 261059 barcodes to build and align subamplicons...
2019-11-14 15:56:39,216 - INFO - Barcodes examined so far: 200000
2019-11-14 15:56:44,239 - INFO - Examined all barcodes. Summary stats:
  total  too few reads  not alignable  aligned
 261059          66902            943   193214
2019-11-14 15:56:44,240 - INFO - Writing these stats to ./results_1and1b/codoncounts/COTDE254A-2_bcstats.csv

2019-11-14 15:56:44,265 - INFO - Filtering to only sites listed in sitemask ./data/sitemask.csv
2019-11-14 15:56:44,624 - INFO - Filtered from 1016 to 101 sites.
2019-11-14 15:56:44,625 - INFO - Writing the counts of each codon identity at each site to ./results_1and1b/codoncounts/COTDE254A-2_codoncounts.csv

2019-11-14 15:56:44,633 - INFO - Successful completion of dms2_bcsubamp
