2020-01-17 14:21:41,218 - INFO - Beginning execution of dms2_bcsubamp in directory /fh/fast/bloom_j/computational_notebooks/kdusenbu/2019/SuperRFs/SuperRestrictionFactor_Hypermutation

2020-01-17 14:21:41,220 - INFO - Progress is being logged to ./results_1and1b/codoncounts/COTD-1.log
2020-01-17 14:21:41,415 - INFO - Version information:
	Time and date: Fri Jan 17 14:21:41 2020
	Platform: Linux-3.13.0-143-generic-x86_64-with-debian-jessie-sid
	Python version: 3.6.7 | packaged by conda-forge | (default, Jul  2 2019, 02:18:42)  [GCC 7.3.0]
	dms_tools2 version: 2.6.4
	Bio version: 1.74
	pandas version: 0.25.3
	numpy version: 1.17.2
	IPython version: 7.10.2
	jupyter version unknown
	matplotlib version: 3.1.2
	plotnine version: 0.6.0
	natsort version: 6.0.0
	pystan version: 2.19.0.0
	scipy version: 1.3.1
	seaborn version: 0.9.0
	phydmslib version: 2.3.8
	statsmodels version: 0.10.1
	rpy2 version: 3.1.0
	regex version: 2.5.64
	umi_tools version: 1.0.0

2020-01-17 14:21:41,416 - INFO - Parsed the following arguments:
	outdir = ./results_1and1b/codoncounts
	ncpus = -1
	use_existing = no
	refseq = ./data/Bru_Pol.fasta
	alignspecs = ['205,504,35,34']
	bclen = 8
	fastqdir = ../../../../adingens/2019/SuperRes_Hypermut/FASTQ_files
	R2 = None
	R1trim = [200]
	R2trim = [170]
	bclen2 = None
	chartype = codon
	maxmuts = 33
	minq = 17
	minreads = 2
	minfraccall = 0.95
	minconcur = 0.75
	sitemask = ./data/sitemask.csv
	purgeread = 0
	purgebc = 0
	bcinfo = True
	bcinfo_csv = True
	name = COTD-1
	R1 = ['COTD-1_R1.fastq.gz']

2020-01-17 14:21:41,419 - INFO - Removing existing file ./results_1and1b/codoncounts/COTD-1_codoncounts.csv
2020-01-17 14:21:41,435 - INFO - Removing existing file ./results_1and1b/codoncounts/COTD-1_readstats.csv
2020-01-17 14:21:41,437 - INFO - Removing existing file ./results_1and1b/codoncounts/COTD-1_readsperbc.csv
2020-01-17 14:21:41,440 - INFO - Removing existing file ./results_1and1b/codoncounts/COTD-1_bcstats.csv
2020-01-17 14:21:41,457 - INFO - Removing existing file ./results_1and1b/codoncounts/COTD-1_bcinfo.csv.gz
2020-01-17 14:21:41,583 - INFO - Read refseq of 3048 codons from ./data/Bru_Pol.fasta
2020-01-17 14:21:41,586 - INFO - Reads are in these FASTQ pairs:
	../../../../adingens/2019/SuperRes_Hypermut/FASTQ_files/COTD-1_R1.fastq.gz and ../../../../adingens/2019/SuperRes_Hypermut/FASTQ_files/COTD-1_R2.fastq.gz

2020-01-17 14:21:41,587 - INFO - Now parsing read pairs...
2020-01-17 14:21:52,764 - INFO - Reads parsed so far: 500000
2020-01-17 14:22:02,257 - INFO - Reads parsed so far: 1000000
2020-01-17 14:22:11,410 - INFO - Reads parsed so far: 1500000
2020-01-17 14:22:22,060 - INFO - Reads parsed so far: 2000000
2020-01-17 14:22:32,078 - INFO - Reads parsed so far: 2500000
2020-01-17 14:22:34,291 - INFO - Parsed 2613994 reads, found 1711487 unique barcodes.
2020-01-17 14:22:34,315 - INFO - Summary stats on reads:
   total  fail filter  low Q barcode
 2613994            0         156992
2020-01-17 14:22:34,316 - INFO - Writing these stats to ./results_1and1b/codoncounts/COTD-1_readstats.csv

2020-01-17 14:22:35,023 - INFO - Number of reads per barcode:
                 number of barcodes
number of reads                    
1                           1167725
2                            386883
3                            120763
4                             29148
5                              5806
6                               981
7                               153
8                                23
9                                 2
13                                1
33                                1
395                               1
2020-01-17 14:22:35,041 - INFO - Writing these stats to ./results_1and1b/codoncounts/COTD-1_readsperbc.csv

2020-01-17 14:22:35,052 - INFO - Examining the 1711487 barcodes to build and align subamplicons...
2020-01-17 14:22:44,562 - INFO - Barcodes examined so far: 200000
2020-01-17 14:22:53,573 - INFO - Barcodes examined so far: 400000
2020-01-17 14:23:01,989 - INFO - Barcodes examined so far: 600000
2020-01-17 14:23:09,451 - INFO - Barcodes examined so far: 800000
2020-01-17 14:23:16,338 - INFO - Barcodes examined so far: 1000000
2020-01-17 14:23:22,721 - INFO - Barcodes examined so far: 1200000
2020-01-17 14:23:28,079 - INFO - Barcodes examined so far: 1400000
2020-01-17 14:23:32,229 - INFO - Barcodes examined so far: 1600000
2020-01-17 14:23:33,702 - INFO - Examined all barcodes. Summary stats:
   total  too few reads  not alignable  aligned
 1711487        1167725          28477   515285
2020-01-17 14:23:33,703 - INFO - Writing these stats to ./results_1and1b/codoncounts/COTD-1_bcstats.csv

2020-01-17 14:23:33,753 - INFO - Filtering to only sites listed in sitemask ./data/sitemask.csv
2020-01-17 14:23:33,817 - INFO - Filtered from 1016 to 101 sites.
2020-01-17 14:23:33,818 - INFO - Writing the counts of each codon identity at each site to ./results_1and1b/codoncounts/COTD-1_codoncounts.csv

2020-01-17 14:23:33,833 - INFO - Successful completion of dms2_bcsubamp
