2019-11-18 10:54:37,863 - INFO - Beginning execution of dms2_bcsubamp in directory /fh/fast/bloom_j/computational_notebooks/adingens/2019/SuperRes_Hypermut

2019-11-18 10:54:37,864 - INFO - Progress is being logged to ./results_1and1b/codoncounts/I188-2.log
2019-11-18 10:54:37,868 - INFO - Version information:
	Time and date: Mon Nov 18 10:54:37 2019
	Platform: Linux-3.13.0-143-generic-x86_64-with-debian-jessie-sid
	Python version: 3.6.7 | packaged by conda-forge | (default, Jul  2 2019, 02:18:42)  [GCC 7.3.0]
	dms_tools2 version: 2.6.4
	Bio version: 1.74
	pandas version: 0.25.1
	numpy version: 1.17.2
	IPython version: 7.8.0
	jupyter version unknown
	matplotlib version: 3.1.1
	plotnine version: 0.6.0
	natsort version: 6.0.0
	pystan version: 2.19.0.0
	scipy version: 1.3.1
	seaborn version: 0.9.0
	phydmslib version: 2.3.4
	statsmodels version: 0.10.1
	rpy2 version: 3.1.0
	regex version: 2.5.64
	umi_tools version: 1.0.0

2019-11-18 10:54:37,868 - INFO - Parsed the following arguments:
	outdir = ./results_1and1b/codoncounts
	ncpus = -1
	use_existing = no
	refseq = ./data/Bru_Pol.fasta
	alignspecs = ['205,504,35,34']
	bclen = 8
	fastqdir = ./FASTQ_files/
	R2 = None
	R1trim = [200]
	R2trim = [170]
	bclen2 = None
	chartype = codon
	maxmuts = 100
	minq = 15
	minreads = 2
	minfraccall = 0.95
	minconcur = 0.75
	sitemask = ./data/sitemask.csv
	purgeread = 0
	purgebc = 0
	bcinfo = True
	bcinfo_csv = True
	name = I188-2
	R1 = ['I188-2_R1.fastq.gz']

2019-11-18 10:54:37,898 - INFO - Read refseq of 3048 codons from ./data/Bru_Pol.fasta
2019-11-18 10:54:37,900 - INFO - Reads are in these FASTQ pairs:
	./FASTQ_files/I188-2_R1.fastq.gz and ./FASTQ_files/I188-2_R2.fastq.gz

2019-11-18 10:54:37,900 - INFO - Now parsing read pairs...
2019-11-18 10:54:45,252 - INFO - Reads parsed so far: 500000
2019-11-18 10:54:52,190 - INFO - Reads parsed so far: 1000000
2019-11-18 10:54:58,373 - INFO - Reads parsed so far: 1500000
2019-11-18 10:54:58,915 - INFO - Parsed 1543579 reads, found 578291 unique barcodes.
2019-11-18 10:54:58,921 - INFO - Summary stats on reads:
   total  fail filter  low Q barcode
 1543579            0          72057
2019-11-18 10:54:58,921 - INFO - Writing these stats to ./results_1and1b/codoncounts/I188-2_readstats.csv

2019-11-18 10:54:59,114 - INFO - Number of reads per barcode:
                 number of barcodes
number of reads                    
1                            208185
2                            118548
3                            105051
4                             72829
5                             41634
6                             19545
7                              7941
8                              3041
9                              1032
10                              336
11                              101
12                               34
13                                7
14                                5
18                                1
71                                1
2019-11-18 10:54:59,115 - INFO - Writing these stats to ./results_1and1b/codoncounts/I188-2_readsperbc.csv

2019-11-18 10:54:59,118 - INFO - Examining the 578291 barcodes to build and align subamplicons...
2019-11-18 10:55:14,002 - INFO - Barcodes examined so far: 200000
2019-11-18 10:55:26,931 - INFO - Barcodes examined so far: 400000
2019-11-18 10:55:34,169 - INFO - Examined all barcodes. Summary stats:
  total  too few reads  not alignable  aligned
 578291         208185           7276   362830
2019-11-18 10:55:34,169 - INFO - Writing these stats to ./results_1and1b/codoncounts/I188-2_bcstats.csv

2019-11-18 10:55:34,208 - INFO - Filtering to only sites listed in sitemask ./data/sitemask.csv
2019-11-18 10:55:34,228 - INFO - Filtered from 1016 to 101 sites.
2019-11-18 10:55:34,228 - INFO - Writing the counts of each codon identity at each site to ./results_1and1b/codoncounts/I188-2_codoncounts.csv

2019-11-18 10:55:34,240 - INFO - Successful completion of dms2_bcsubamp
