2019-11-14 15:56:06,722 - INFO - Beginning execution of dms2_bcsubamp in directory /fh/fast/bloom_j/computational_notebooks/adingens/2019/SuperRes_Hypermut

2019-11-14 15:56:06,722 - INFO - Progress is being logged to ./results_1and1b/codoncounts/I188E68A-2.log
2019-11-14 15:56:06,725 - INFO - Version information:
	Time and date: Thu Nov 14 15:56:06 2019
	Platform: Linux-3.13.0-168-generic-x86_64-with-debian-jessie-sid
	Python version: 3.6.7 | packaged by conda-forge | (default, Feb 28 2019, 09:07:38)  [GCC 7.3.0]
	dms_tools2 version: 2.5.1
	Bio version: 1.73
	pandas version: 0.25.1
	numpy version: 1.16.4
	IPython version: 7.6.1
	jupyter version: 1.0.0
	matplotlib version: 3.1.1
	plotnine version: 0.6.0
	natsort version: 6.0.0
	pystan version: 2.16.0.0
	scipy version: 1.2.2
	seaborn version: 0.9.0
	phydmslib version: 2.3.3
	statsmodels version: 0.10.0
	rpy2 version: 2.9.4
	regex version: 2.5.33
	umi_tools version: 1.0.0

2019-11-14 15:56:06,725 - INFO - Parsed the following arguments:
	outdir = ./results_1and1b/codoncounts
	ncpus = -1
	use_existing = no
	refseq = ./data/Bru_Pol.fasta
	alignspecs = ['205,504,35,34']
	bclen = 8
	fastqdir = ./FASTQ_files/
	R2 = None
	R1trim = [200]
	R2trim = [170]
	bclen2 = None
	chartype = codon
	maxmuts = 100
	minq = 15
	minreads = 2
	minfraccall = 0.95
	minconcur = 0.75
	sitemask = ./data/sitemask.csv
	purgeread = 0
	purgebc = 0
	bcinfo = True
	name = I188E68A-2
	R1 = ['I188E68A-2_R1.fastq.gz']

2019-11-14 15:56:06,727 - INFO - Removing existing file ./results_1and1b/codoncounts/I188E68A-2_codoncounts.csv
2019-11-14 15:56:06,729 - INFO - Removing existing file ./results_1and1b/codoncounts/I188E68A-2_readstats.csv
2019-11-14 15:56:06,731 - INFO - Removing existing file ./results_1and1b/codoncounts/I188E68A-2_readsperbc.csv
2019-11-14 15:56:06,733 - INFO - Removing existing file ./results_1and1b/codoncounts/I188E68A-2_bcstats.csv
2019-11-14 15:56:06,735 - INFO - Removing existing file ./results_1and1b/codoncounts/I188E68A-2_bcinfo.txt.gz
2019-11-14 15:56:06,761 - INFO - Read refseq of 3048 codons from ./data/Bru_Pol.fasta
2019-11-14 15:56:06,761 - INFO - Reads are in these FASTQ pairs:
	./FASTQ_files/I188E68A-2_R1.fastq.gz and ./FASTQ_files/I188E68A-2_R2.fastq.gz

2019-11-14 15:56:06,761 - INFO - Now parsing read pairs...
2019-11-14 15:56:13,545 - INFO - Reads parsed so far: 500000
2019-11-14 15:56:19,685 - INFO - Reads parsed so far: 1000000
2019-11-14 15:56:25,704 - INFO - Reads parsed so far: 1500000
2019-11-14 15:56:31,069 - INFO - Reads parsed so far: 2000000
2019-11-14 15:56:33,108 - INFO - Parsed 2189812 reads, found 935911 unique barcodes.
2019-11-14 15:56:33,114 - INFO - Summary stats on reads:
   total  fail filter  low Q barcode
 2189812            0         137471
2019-11-14 15:56:33,114 - INFO - Writing these stats to ./results_1and1b/codoncounts/I188E68A-2_readstats.csv

2019-11-14 15:56:33,327 - INFO - Number of reads per barcode:
                 number of barcodes
number of reads                    
1                            385730
2                            231998
3                            165153
4                             90399
5                             40278
6                             15249
7                              5075
8                              1452
9                               409
10                              122
11                               33
12                                8
13                                4
123                               1
2019-11-14 15:56:33,327 - INFO - Writing these stats to ./results_1and1b/codoncounts/I188E68A-2_readsperbc.csv

2019-11-14 15:56:33,331 - INFO - Examining the 935911 barcodes to build and align subamplicons...
2019-11-14 15:56:48,743 - INFO - Barcodes examined so far: 200000
2019-11-14 15:57:03,276 - INFO - Barcodes examined so far: 400000
2019-11-14 15:57:17,139 - INFO - Barcodes examined so far: 600000
2019-11-14 15:57:29,175 - INFO - Barcodes examined so far: 800000
2019-11-14 15:57:35,394 - INFO - Examined all barcodes. Summary stats:
  total  too few reads  not alignable  aligned
 935911         385730          12482   537699
2019-11-14 15:57:35,394 - INFO - Writing these stats to ./results_1and1b/codoncounts/I188E68A-2_bcstats.csv

2019-11-14 15:57:35,420 - INFO - Filtering to only sites listed in sitemask ./data/sitemask.csv
2019-11-14 15:57:35,430 - INFO - Filtered from 1016 to 101 sites.
2019-11-14 15:57:35,430 - INFO - Writing the counts of each codon identity at each site to ./results_1and1b/codoncounts/I188E68A-2_codoncounts.csv

2019-11-14 15:57:35,439 - INFO - Successful completion of dms2_bcsubamp
