2019-12-05 17:08:37,659 - INFO - Beginning execution of dms2_bcsubamp in directory /fh/fast/bloom_j/computational_notebooks/kdusenbu/2019/SuperRFs/SuperRestrictionFactor_Hypermutation

2019-12-05 17:08:37,659 - INFO - Progress is being logged to ./results_1and1b/codoncounts/NoA3-2.log
2019-12-05 17:08:37,671 - INFO - Version information:
	Time and date: Thu Dec  5 17:08:37 2019
	Platform: Linux-3.13.0-143-generic-x86_64-with-debian-jessie-sid
	Python version: 3.6.7 | packaged by conda-forge | (default, Jul  2 2019, 02:18:42)  [GCC 7.3.0]
	dms_tools2 version: 2.6.4
	Bio version: 1.74
	pandas version: 0.25.3
	numpy version: 1.17.2
	IPython version: 7.8.0
	jupyter version unknown
	matplotlib version: 3.1.2
	plotnine version: 0.6.0
	natsort version: 6.0.0
	pystan version: 2.19.0.0
	scipy version: 1.3.1
	seaborn version: 0.9.0
	phydmslib version: 2.3.6
	statsmodels version: 0.10.1
	rpy2 version: 3.1.0
	regex version: 2.5.64
	umi_tools version: 1.0.0

2019-12-05 17:08:37,671 - INFO - Parsed the following arguments:
	outdir = ./results_1and1b/codoncounts
	ncpus = -1
	use_existing = no
	refseq = ./data/Bru_Pol.fasta
	alignspecs = ['205,504,35,34']
	bclen = 8
	fastqdir = ../../../../adingens/2019/SuperRes_Hypermut/FASTQ_files
	R2 = None
	R1trim = [200]
	R2trim = [170]
	bclen2 = None
	chartype = codon
	maxmuts = 33
	minq = 17
	minreads = 2
	minfraccall = 0.95
	minconcur = 0.75
	sitemask = ./data/sitemask.csv
	purgeread = 0
	purgebc = 0
	bcinfo = True
	bcinfo_csv = True
	name = NoA3-2
	R1 = ['NoA3-2_R1.fastq.gz']

2019-12-05 17:08:37,673 - INFO - Removing existing file ./results_1and1b/codoncounts/NoA3-2_codoncounts.csv
2019-12-05 17:08:37,685 - INFO - Removing existing file ./results_1and1b/codoncounts/NoA3-2_readstats.csv
2019-12-05 17:08:37,696 - INFO - Removing existing file ./results_1and1b/codoncounts/NoA3-2_readsperbc.csv
2019-12-05 17:08:37,707 - INFO - Removing existing file ./results_1and1b/codoncounts/NoA3-2_bcstats.csv
2019-12-05 17:08:37,725 - INFO - Removing existing file ./results_1and1b/codoncounts/NoA3-2_bcinfo.csv.gz
2019-12-05 17:08:37,765 - INFO - Read refseq of 3048 codons from ./data/Bru_Pol.fasta
2019-12-05 17:08:37,768 - INFO - Reads are in these FASTQ pairs:
	../../../../adingens/2019/SuperRes_Hypermut/FASTQ_files/NoA3-2_R1.fastq.gz and ../../../../adingens/2019/SuperRes_Hypermut/FASTQ_files/NoA3-2_R2.fastq.gz

2019-12-05 17:08:37,768 - INFO - Now parsing read pairs...
2019-12-05 17:08:44,537 - INFO - Reads parsed so far: 500000
2019-12-05 17:08:50,774 - INFO - Parsed 997050 reads, found 802374 unique barcodes.
2019-12-05 17:08:50,780 - INFO - Summary stats on reads:
  total  fail filter  low Q barcode
 997050            0          52187
2019-12-05 17:08:50,780 - INFO - Writing these stats to ./results_1and1b/codoncounts/NoA3-2_readstats.csv

2019-12-05 17:08:51,064 - INFO - Number of reads per barcode:
                 number of barcodes
number of reads                    
1                            678110
2                            107987
3                             14570
4                              1563
5                               137
6                                 6
96                                1
2019-12-05 17:08:51,064 - INFO - Writing these stats to ./results_1and1b/codoncounts/NoA3-2_readsperbc.csv

2019-12-05 17:08:51,069 - INFO - Examining the 802374 barcodes to build and align subamplicons...
2019-12-05 17:08:56,265 - INFO - Barcodes examined so far: 200000
2019-12-05 17:09:00,734 - INFO - Barcodes examined so far: 400000
2019-12-05 17:09:04,457 - INFO - Barcodes examined so far: 600000
2019-12-05 17:09:07,080 - INFO - Barcodes examined so far: 800000
2019-12-05 17:09:07,151 - INFO - Examined all barcodes. Summary stats:
  total  too few reads  not alignable  aligned
 802374         678110           6584   117680
2019-12-05 17:09:07,151 - INFO - Writing these stats to ./results_1and1b/codoncounts/NoA3-2_bcstats.csv

2019-12-05 17:09:07,184 - INFO - Filtering to only sites listed in sitemask ./data/sitemask.csv
2019-12-05 17:09:07,218 - INFO - Filtered from 1016 to 101 sites.
2019-12-05 17:09:07,218 - INFO - Writing the counts of each codon identity at each site to ./results_1and1b/codoncounts/NoA3-2_codoncounts.csv

2019-12-05 17:09:07,240 - INFO - Successful completion of dms2_bcsubamp
