2019-11-18 10:53:58,355 - INFO - Beginning execution of dms2_bcsubamp in directory /fh/fast/bloom_j/computational_notebooks/adingens/2019/SuperRes_Hypermut

2019-11-18 10:53:58,355 - INFO - Progress is being logged to ./results_1and1b/codoncounts/NoA3-1.log
2019-11-18 10:53:58,360 - INFO - Version information:
	Time and date: Mon Nov 18 10:53:58 2019
	Platform: Linux-3.13.0-143-generic-x86_64-with-debian-jessie-sid
	Python version: 3.6.7 | packaged by conda-forge | (default, Jul  2 2019, 02:18:42)  [GCC 7.3.0]
	dms_tools2 version: 2.6.4
	Bio version: 1.74
	pandas version: 0.25.1
	numpy version: 1.17.2
	IPython version: 7.8.0
	jupyter version unknown
	matplotlib version: 3.1.1
	plotnine version: 0.6.0
	natsort version: 6.0.0
	pystan version: 2.19.0.0
	scipy version: 1.3.1
	seaborn version: 0.9.0
	phydmslib version: 2.3.4
	statsmodels version: 0.10.1
	rpy2 version: 3.1.0
	regex version: 2.5.64
	umi_tools version: 1.0.0

2019-11-18 10:53:58,360 - INFO - Parsed the following arguments:
	outdir = ./results_1and1b/codoncounts
	ncpus = -1
	use_existing = no
	refseq = ./data/Bru_Pol.fasta
	alignspecs = ['205,504,35,34']
	bclen = 8
	fastqdir = ./FASTQ_files/
	R2 = None
	R1trim = [200]
	R2trim = [170]
	bclen2 = None
	chartype = codon
	maxmuts = 100
	minq = 15
	minreads = 2
	minfraccall = 0.95
	minconcur = 0.75
	sitemask = ./data/sitemask.csv
	purgeread = 0
	purgebc = 0
	bcinfo = True
	bcinfo_csv = True
	name = NoA3-1
	R1 = ['NoA3-1_R1.fastq.gz']

2019-11-18 10:53:58,548 - INFO - Read refseq of 3048 codons from ./data/Bru_Pol.fasta
2019-11-18 10:53:58,570 - INFO - Reads are in these FASTQ pairs:
	./FASTQ_files/NoA3-1_R1.fastq.gz and ./FASTQ_files/NoA3-1_R2.fastq.gz

2019-11-18 10:53:58,571 - INFO - Now parsing read pairs...
2019-11-18 10:54:05,783 - INFO - Reads parsed so far: 500000
2019-11-18 10:54:12,737 - INFO - Reads parsed so far: 1000000
2019-11-18 10:54:13,883 - INFO - Parsed 1086561 reads, found 226524 unique barcodes.
2019-11-18 10:54:13,889 - INFO - Summary stats on reads:
   total  fail filter  low Q barcode
 1086561            0          55526
2019-11-18 10:54:13,890 - INFO - Writing these stats to ./results_1and1b/codoncounts/NoA3-1_readstats.csv

2019-11-18 10:54:13,987 - INFO - Number of reads per barcode:
                 number of barcodes
number of reads                    
1                             48464
2                             14713
3                             22513
4                             28656
5                             30188
6                             27252
7                             20903
8                             14545
9                              9024
10                             5157
11                             2608
12                             1312
13                              593
14                              312
15                              155
16                               62
17                               31
18                               20
19                               12
21                                1
22                                1
23                                1
56                                1
2019-11-18 10:54:13,987 - INFO - Writing these stats to ./results_1and1b/codoncounts/NoA3-1_readsperbc.csv

2019-11-18 10:54:13,992 - INFO - Examining the 226524 barcodes to build and align subamplicons...
2019-11-18 10:54:29,190 - INFO - Barcodes examined so far: 200000
2019-11-18 10:54:30,109 - INFO - Examined all barcodes. Summary stats:
  total  too few reads  not alignable  aligned
 226524          48464           1310   176750
2019-11-18 10:54:30,110 - INFO - Writing these stats to ./results_1and1b/codoncounts/NoA3-1_bcstats.csv

2019-11-18 10:54:30,135 - INFO - Filtering to only sites listed in sitemask ./data/sitemask.csv
2019-11-18 10:54:30,151 - INFO - Filtered from 1016 to 101 sites.
2019-11-18 10:54:30,151 - INFO - Writing the counts of each codon identity at each site to ./results_1and1b/codoncounts/NoA3-1_codoncounts.csv

2019-11-18 10:54:30,163 - INFO - Successful completion of dms2_bcsubamp
