2019-11-14 15:55:11,760 - INFO - Beginning execution of dms2_batch_bcsubamp in directory /fh/fast/bloom_j/computational_notebooks/adingens/2019/SuperRes_Hypermut

2019-11-14 15:55:11,760 - INFO - Progress is being logged to ./results_1and1b/codoncounts/summary.log
2019-11-14 15:55:11,764 - INFO - Version information:
	Time and date: Thu Nov 14 15:55:11 2019
	Platform: Linux-3.13.0-168-generic-x86_64-with-debian-jessie-sid
	Python version: 3.6.7 | packaged by conda-forge | (default, Feb 28 2019, 09:07:38)  [GCC 7.3.0]
	dms_tools2 version: 2.5.1
	Bio version: 1.73
	pandas version: 0.25.1
	numpy version: 1.16.4
	IPython version: 7.6.1
	jupyter version: 1.0.0
	matplotlib version: 3.1.1
	plotnine version: 0.6.0
	natsort version: 6.0.0
	pystan version: 2.16.0.0
	scipy version: 1.2.2
	seaborn version: 0.9.0
	phydmslib version: 2.3.3
	statsmodels version: 0.10.0
	rpy2 version: 2.9.4
	regex version: 2.5.33
	umi_tools version: 1.0.0

2019-11-14 15:55:11,764 - INFO - Parsed the following arguments:
	outdir = ./results_1and1b/codoncounts
	ncpus = 14
	use_existing = no
	refseq = ./data/Bru_Pol.fasta
	alignspecs = ['205,504,35,34']
	bclen = 8
	fastqdir = ./FASTQ_files/
	R2 = None
	R1trim = [200]
	R2trim = [170]
	bclen2 = None
	chartype = codon
	maxmuts = 100
	minq = 15
	minreads = 2
	minfraccall = 0.95
	minconcur = 0.75
	sitemask = ./data/sitemask.csv
	purgeread = 0
	purgebc = 0
	bcinfo = True
	batchfile = ./results_1and1b/codoncounts/batch.csv
	summaryprefix = summary

2019-11-14 15:55:11,764 - INFO - Parsing sample info from ./results_1and1b/codoncounts/batch.csv
2019-11-14 15:55:11,778 - INFO - Read the following sample information:
name,R1
PLASMIDCTRL,PLASMIDCTRL_R1.fastq.gz
NoA3-1,NoA3-1_R1.fastq.gz
A3G-1,A3G-1_R1.fastq.gz
A3C-1,A3C-1_R1.fastq.gz
A3CE68A-1,A3CE68A-1_R1.fastq.gz
COTD-1,COTD-1_R1.fastq.gz
COTDE254A-1,COTDE254A-1_R1.fastq.gz
COTDE68AE254A-1,COTDE68AE254A-1_R1.fastq.gz
I188-1,I188-1_R1.fastq.gz
I188E68A-1,I188E68A-1_R1.fastq.gz
COII-1,COII-1_R1.fastq.gz
COIIE68AE254A-1,COIIE68AE254A-1_R1.fastq.gz
NoA3-2,NoA3-2_R1.fastq.gz
A3G-2,A3G-2_R1.fastq.gz
A3C-2,A3C-2_R1.fastq.gz
A3CE68A-2,A3CE68A-2_R1.fastq.gz
COTD-2,COTD-2_R1.fastq.gz
COTDE254A-2,COTDE254A-2_R1.fastq.gz
COTDE68AE254A-2,COTDE68AE254A-2_R1.fastq.gz
I188-2,I188-2_R1.fastq.gz
I188E68A-2,I188E68A-2_R1.fastq.gz
COII-2,COII-2_R1.fastq.gz
COIIE68AE254A-2,COIIE68AE254A-2_R1.fastq.gz


2019-11-14 15:55:11,809 - INFO - Removing existing file ./results_1and1b/codoncounts/summary_readstats.pdf
2019-11-14 15:55:11,812 - INFO - Removing existing file ./results_1and1b/codoncounts/summary_bcstats.pdf
2019-11-14 15:55:11,814 - INFO - Removing existing file ./results_1and1b/codoncounts/summary_readsperbc.pdf
2019-11-14 15:55:11,817 - INFO - Removing existing file ./results_1and1b/codoncounts/summary_depth.pdf
2019-11-14 15:55:11,819 - INFO - Removing existing file ./results_1and1b/codoncounts/summary_mutfreq.pdf
2019-11-14 15:55:11,821 - INFO - Removing existing file ./results_1and1b/codoncounts/summary_codonmuttypes.pdf
2019-11-14 15:55:11,823 - INFO - Removing existing file ./results_1and1b/codoncounts/summary_codonmuttypes.csv
2019-11-14 15:55:11,825 - INFO - Removing existing file ./results_1and1b/codoncounts/summary_codonntchanges.pdf
2019-11-14 15:55:11,828 - INFO - Removing existing file ./results_1and1b/codoncounts/summary_singlentchanges.pdf
2019-11-14 15:55:11,830 - INFO - Removing existing file ./results_1and1b/codoncounts/summary_cumulmutcounts.pdf
2019-11-14 15:55:11,832 - INFO - Running dms2_bcsubamp on all samples using 14 CPUs...
2019-11-14 15:57:58,881 - INFO - Completed runs of dms2_bcsubamp.

2019-11-14 15:57:58,903 - INFO - Plotting read stats to ./results_1and1b/codoncounts/summary_readstats.pdf
2019-11-14 15:57:59,791 - INFO - Plotting barcode stats to ./results_1and1b/codoncounts/summary_bcstats.pdf
2019-11-14 15:58:00,380 - INFO - Plotting reads per barcode to ./results_1and1b/codoncounts/summary_readsperbc.pdf
2019-11-14 15:58:03,475 - INFO - Plotting count depth to ./results_1and1b/codoncounts/summary_depth.pdf
2019-11-14 15:58:06,057 - INFO - Plotting mutation frequencies to ./results_1and1b/codoncounts/summary_mutfreq.pdf
2019-11-14 15:58:10,833 - INFO - Plotting average frequencies of codon mutation types to ./results_1and1b/codoncounts/summary_codonmuttypes.pdf, writing the data to ./results_1and1b/codoncounts/summary_codonmuttypes.csv
2019-11-14 15:58:13,879 - INFO - Plotting average frequencies of nucleotide changes per codon mutation to ./results_1and1b/codoncounts/summary_codonntchanges.pdf
2019-11-14 15:58:16,832 - INFO - Plotting frequencies of nucleotide changes in 1-nucleotide mutations to ./results_1and1b/codoncounts/summary_singlentchanges.pdf
2019-11-14 15:58:19,994 - INFO - Plotting fraction of mutations seen less than some number of times to ./results_1and1b/codoncounts/summary_cumulmutcounts.pdf
2019-11-14 15:58:25,585 - INFO - Successful completion of dms2_batch_bcsubamp
