2019-09-20 14:15:48,050 - INFO - Beginning execution of dms2_bcsubamp in directory /fh/fast/bloom_j/computational_notebooks/adingens/2019/SuperRes_Hypermut

2019-09-20 14:15:48,050 - INFO - Progress is being logged to ./results/codoncounts/A3C-1.log
2019-09-20 14:15:48,053 - INFO - Version information:
	Time and date: Fri Sep 20 14:15:48 2019
	Platform: Linux-3.13.0-143-generic-x86_64-with-debian-jessie-sid
	Python version: 3.6.7 | packaged by conda-forge | (default, Feb 28 2019, 09:07:38)  [GCC 7.3.0]
	dms_tools2 version: 2.5.1
	Bio version: 1.73
	pandas version: 0.25.1
	numpy version: 1.16.4
	IPython version: 7.6.1
	jupyter version: 1.0.0
	matplotlib version: 3.1.1
	plotnine version: 0.6.0
	natsort version: 6.0.0
	pystan version: 2.16.0.0
	scipy version: 1.2.2
	seaborn version: 0.9.0
	phydmslib version: 2.3.3
	statsmodels version: 0.10.0
	rpy2 version: 2.9.4
	regex version: 2.5.33
	umi_tools version: 1.0.0

2019-09-20 14:15:48,053 - INFO - Parsed the following arguments:
	outdir = ./results/codoncounts
	ncpus = -1
	use_existing = no
	refseq = ./data/Bru_Pol.fasta
	alignspecs = ['204,504,34,34']
	bclen = 8
	fastqdir = ./FASTQ_files/
	R2 = None
	R1trim = [200]
	R2trim = [170]
	bclen2 = None
	chartype = codon
	maxmuts = 100
	minq = 15
	minreads = 2
	minfraccall = 0.95
	minconcur = 0.75
	sitemask = ./data/sitemask.csv
	purgeread = 0
	purgebc = 0
	bcinfo = False
	name = A3C-1
	R1 = ['A3C-1_R1.fastq.gz']

2019-09-20 14:15:48,078 - INFO - Removing existing file ./results/codoncounts/A3C-1_codoncounts.csv
2019-09-20 14:15:48,081 - INFO - Removing existing file ./results/codoncounts/A3C-1_readstats.csv
2019-09-20 14:15:48,086 - INFO - Removing existing file ./results/codoncounts/A3C-1_readsperbc.csv
2019-09-20 14:15:48,088 - INFO - Removing existing file ./results/codoncounts/A3C-1_bcstats.csv
2019-09-20 14:15:48,107 - INFO - Read refseq of 3048 codons from ./data/Bru_Pol.fasta
2019-09-20 14:15:48,108 - INFO - Reads are in these FASTQ pairs:
	./FASTQ_files/A3C-1_R1.fastq.gz and ./FASTQ_files/A3C-1_R2.fastq.gz

2019-09-20 14:15:48,108 - INFO - Now parsing read pairs...
2019-09-20 14:15:53,660 - INFO - Parsed 432993 reads, found 410755 unique barcodes.
2019-09-20 14:15:53,666 - INFO - Summary stats on reads:
  total  fail filter  low Q barcode
 432993            0          12044
2019-09-20 14:15:53,666 - INFO - Writing these stats to ./results/codoncounts/A3C-1_readstats.csv

2019-09-20 14:15:53,785 - INFO - Number of reads per barcode:
                 number of barcodes
number of reads                    
1                            400822
2                              9739
3                               190
4                                 3
67                                1
2019-09-20 14:15:53,785 - INFO - Writing these stats to ./results/codoncounts/A3C-1_readsperbc.csv

2019-09-20 14:15:53,789 - INFO - Examining the 410755 barcodes to build and align subamplicons...
2019-09-20 14:15:54,190 - INFO - Barcodes examined so far: 200000
2019-09-20 14:15:54,429 - INFO - Barcodes examined so far: 400000
2019-09-20 14:15:54,436 - INFO - Examined all barcodes. Summary stats:
  total  too few reads  not alignable  aligned
 410755         400822            293     9640
2019-09-20 14:15:54,436 - INFO - Writing these stats to ./results/codoncounts/A3C-1_bcstats.csv

2019-09-20 14:15:54,459 - INFO - Filtering to only sites listed in sitemask ./data/sitemask.csv
2019-09-20 14:15:54,472 - INFO - Filtered from 1016 to 101 sites.
2019-09-20 14:15:54,472 - INFO - Writing the counts of each codon identity at each site to ./results/codoncounts/A3C-1_codoncounts.csv

2019-09-20 14:15:54,488 - INFO - Successful completion of dms2_bcsubamp
