2019-09-20 14:15:48,133 - INFO - Beginning execution of dms2_bcsubamp in directory /fh/fast/bloom_j/computational_notebooks/adingens/2019/SuperRes_Hypermut

2019-09-20 14:15:48,133 - INFO - Progress is being logged to ./results/codoncounts/A3G-1.log
2019-09-20 14:15:48,136 - INFO - Version information:
	Time and date: Fri Sep 20 14:15:48 2019
	Platform: Linux-3.13.0-143-generic-x86_64-with-debian-jessie-sid
	Python version: 3.6.7 | packaged by conda-forge | (default, Feb 28 2019, 09:07:38)  [GCC 7.3.0]
	dms_tools2 version: 2.5.1
	Bio version: 1.73
	pandas version: 0.25.1
	numpy version: 1.16.4
	IPython version: 7.6.1
	jupyter version: 1.0.0
	matplotlib version: 3.1.1
	plotnine version: 0.6.0
	natsort version: 6.0.0
	pystan version: 2.16.0.0
	scipy version: 1.2.2
	seaborn version: 0.9.0
	phydmslib version: 2.3.3
	statsmodels version: 0.10.0
	rpy2 version: 2.9.4
	regex version: 2.5.33
	umi_tools version: 1.0.0

2019-09-20 14:15:48,136 - INFO - Parsed the following arguments:
	outdir = ./results/codoncounts
	ncpus = -1
	use_existing = no
	refseq = ./data/Bru_Pol.fasta
	alignspecs = ['204,504,34,34']
	bclen = 8
	fastqdir = ./FASTQ_files/
	R2 = None
	R1trim = [200]
	R2trim = [170]
	bclen2 = None
	chartype = codon
	maxmuts = 100
	minq = 15
	minreads = 2
	minfraccall = 0.95
	minconcur = 0.75
	sitemask = ./data/sitemask.csv
	purgeread = 0
	purgebc = 0
	bcinfo = False
	name = A3G-1
	R1 = ['A3G-1_R1.fastq.gz']

2019-09-20 14:15:48,143 - INFO - Removing existing file ./results/codoncounts/A3G-1_codoncounts.csv
2019-09-20 14:15:48,146 - INFO - Removing existing file ./results/codoncounts/A3G-1_readstats.csv
2019-09-20 14:15:48,148 - INFO - Removing existing file ./results/codoncounts/A3G-1_readsperbc.csv
2019-09-20 14:15:48,152 - INFO - Removing existing file ./results/codoncounts/A3G-1_bcstats.csv
2019-09-20 14:15:48,174 - INFO - Read refseq of 3048 codons from ./data/Bru_Pol.fasta
2019-09-20 14:15:48,175 - INFO - Reads are in these FASTQ pairs:
	./FASTQ_files/A3G-1_R1.fastq.gz and ./FASTQ_files/A3G-1_R2.fastq.gz

2019-09-20 14:15:48,175 - INFO - Now parsing read pairs...
2019-09-20 14:15:54,712 - INFO - Reads parsed so far: 500000
2019-09-20 14:16:00,183 - INFO - Parsed 933571 reads, found 728328 unique barcodes.
2019-09-20 14:16:00,188 - INFO - Summary stats on reads:
  total  fail filter  low Q barcode
 933571            0          24999
2019-09-20 14:16:00,188 - INFO - Writing these stats to ./results/codoncounts/A3G-1_readstats.csv

2019-09-20 14:16:00,396 - INFO - Number of reads per barcode:
                 number of barcodes
number of reads                    
1                            578108
2                            124341
3                             22375
4                              3099
5                               355
6                                42
7                                 7
185                               1
2019-09-20 14:16:00,396 - INFO - Writing these stats to ./results/codoncounts/A3G-1_readsperbc.csv

2019-09-20 14:16:00,400 - INFO - Examining the 728328 barcodes to build and align subamplicons...
2019-09-20 14:16:03,393 - INFO - Barcodes examined so far: 200000
2019-09-20 14:16:05,619 - INFO - Barcodes examined so far: 400000
2019-09-20 14:16:06,972 - INFO - Barcodes examined so far: 600000
2019-09-20 14:16:07,299 - INFO - Examined all barcodes. Summary stats:
  total  too few reads  not alignable  aligned
 728328         578108           3946   146274
2019-09-20 14:16:07,299 - INFO - Writing these stats to ./results/codoncounts/A3G-1_bcstats.csv

2019-09-20 14:16:07,330 - INFO - Filtering to only sites listed in sitemask ./data/sitemask.csv
2019-09-20 14:16:07,345 - INFO - Filtered from 1016 to 101 sites.
2019-09-20 14:16:07,346 - INFO - Writing the counts of each codon identity at each site to ./results/codoncounts/A3G-1_codoncounts.csv

2019-09-20 14:16:07,358 - INFO - Successful completion of dms2_bcsubamp
