2019-09-20 14:16:03,611 - INFO - Beginning execution of dms2_bcsubamp in directory /fh/fast/bloom_j/computational_notebooks/adingens/2019/SuperRes_Hypermut

2019-09-20 14:16:03,611 - INFO - Progress is being logged to ./results/codoncounts/COIIE68AE254A-2.log
2019-09-20 14:16:03,617 - INFO - Version information:
	Time and date: Fri Sep 20 14:16:03 2019
	Platform: Linux-3.13.0-143-generic-x86_64-with-debian-jessie-sid
	Python version: 3.6.7 | packaged by conda-forge | (default, Feb 28 2019, 09:07:38)  [GCC 7.3.0]
	dms_tools2 version: 2.5.1
	Bio version: 1.73
	pandas version: 0.25.1
	numpy version: 1.16.4
	IPython version: 7.6.1
	jupyter version: 1.0.0
	matplotlib version: 3.1.1
	plotnine version: 0.6.0
	natsort version: 6.0.0
	pystan version: 2.16.0.0
	scipy version: 1.2.2
	seaborn version: 0.9.0
	phydmslib version: 2.3.3
	statsmodels version: 0.10.0
	rpy2 version: 2.9.4
	regex version: 2.5.33
	umi_tools version: 1.0.0

2019-09-20 14:16:03,617 - INFO - Parsed the following arguments:
	outdir = ./results/codoncounts
	ncpus = -1
	use_existing = no
	refseq = ./data/Bru_Pol.fasta
	alignspecs = ['204,504,34,34']
	bclen = 8
	fastqdir = ./FASTQ_files/
	R2 = None
	R1trim = [200]
	R2trim = [170]
	bclen2 = None
	chartype = codon
	maxmuts = 100
	minq = 15
	minreads = 2
	minfraccall = 0.95
	minconcur = 0.75
	sitemask = ./data/sitemask.csv
	purgeread = 0
	purgebc = 0
	bcinfo = False
	name = COIIE68AE254A-2
	R1 = ['COIIE68AE254A-2_R1.fastq.gz']

2019-09-20 14:16:03,620 - INFO - Removing existing file ./results/codoncounts/COIIE68AE254A-2_codoncounts.csv
2019-09-20 14:16:03,623 - INFO - Removing existing file ./results/codoncounts/COIIE68AE254A-2_readstats.csv
2019-09-20 14:16:03,627 - INFO - Removing existing file ./results/codoncounts/COIIE68AE254A-2_readsperbc.csv
2019-09-20 14:16:03,631 - INFO - Removing existing file ./results/codoncounts/COIIE68AE254A-2_bcstats.csv
2019-09-20 14:16:03,655 - INFO - Read refseq of 3048 codons from ./data/Bru_Pol.fasta
2019-09-20 14:16:03,657 - INFO - Reads are in these FASTQ pairs:
	./FASTQ_files/COIIE68AE254A-2_R1.fastq.gz and ./FASTQ_files/COIIE68AE254A-2_R2.fastq.gz

2019-09-20 14:16:03,657 - INFO - Now parsing read pairs...
2019-09-20 14:16:10,333 - INFO - Reads parsed so far: 500000
2019-09-20 14:16:10,469 - INFO - Parsed 511711 reads, found 401738 unique barcodes.
2019-09-20 14:16:10,475 - INFO - Summary stats on reads:
  total  fail filter  low Q barcode
 511711            0          13954
2019-09-20 14:16:10,475 - INFO - Writing these stats to ./results/codoncounts/COIIE68AE254A-2_readstats.csv

2019-09-20 14:16:10,624 - INFO - Number of reads per barcode:
                 number of barcodes
number of reads                    
1                            320899
2                             67565
3                             11593
4                              1509
5                               162
6                                 9
49                                1
2019-09-20 14:16:10,624 - INFO - Writing these stats to ./results/codoncounts/COIIE68AE254A-2_readsperbc.csv

2019-09-20 14:16:10,630 - INFO - Examining the 401738 barcodes to build and align subamplicons...
2019-09-20 14:16:13,349 - INFO - Barcodes examined so far: 200000
2019-09-20 14:16:14,429 - INFO - Barcodes examined so far: 400000
2019-09-20 14:16:14,434 - INFO - Examined all barcodes. Summary stats:
  total  too few reads  not alignable  aligned
 401738         320899           2113    78726
2019-09-20 14:16:14,434 - INFO - Writing these stats to ./results/codoncounts/COIIE68AE254A-2_bcstats.csv

2019-09-20 14:16:14,470 - INFO - Filtering to only sites listed in sitemask ./data/sitemask.csv
2019-09-20 14:16:14,488 - INFO - Filtered from 1016 to 101 sites.
2019-09-20 14:16:14,488 - INFO - Writing the counts of each codon identity at each site to ./results/codoncounts/COIIE68AE254A-2_codoncounts.csv

2019-09-20 14:16:14,499 - INFO - Successful completion of dms2_bcsubamp
