2019-09-20 14:15:47,720 - INFO - Beginning execution of dms2_bcsubamp in directory /fh/fast/bloom_j/computational_notebooks/adingens/2019/SuperRes_Hypermut

2019-09-20 14:15:47,720 - INFO - Progress is being logged to ./results/codoncounts/COTDE68AE254A-1.log
2019-09-20 14:15:47,724 - INFO - Version information:
	Time and date: Fri Sep 20 14:15:47 2019
	Platform: Linux-3.13.0-143-generic-x86_64-with-debian-jessie-sid
	Python version: 3.6.7 | packaged by conda-forge | (default, Feb 28 2019, 09:07:38)  [GCC 7.3.0]
	dms_tools2 version: 2.5.1
	Bio version: 1.73
	pandas version: 0.25.1
	numpy version: 1.16.4
	IPython version: 7.6.1
	jupyter version: 1.0.0
	matplotlib version: 3.1.1
	plotnine version: 0.6.0
	natsort version: 6.0.0
	pystan version: 2.16.0.0
	scipy version: 1.2.2
	seaborn version: 0.9.0
	phydmslib version: 2.3.3
	statsmodels version: 0.10.0
	rpy2 version: 2.9.4
	regex version: 2.5.33
	umi_tools version: 1.0.0

2019-09-20 14:15:47,724 - INFO - Parsed the following arguments:
	outdir = ./results/codoncounts
	ncpus = -1
	use_existing = no
	refseq = ./data/Bru_Pol.fasta
	alignspecs = ['204,504,34,34']
	bclen = 8
	fastqdir = ./FASTQ_files/
	R2 = None
	R1trim = [200]
	R2trim = [170]
	bclen2 = None
	chartype = codon
	maxmuts = 100
	minq = 15
	minreads = 2
	minfraccall = 0.95
	minconcur = 0.75
	sitemask = ./data/sitemask.csv
	purgeread = 0
	purgebc = 0
	bcinfo = False
	name = COTDE68AE254A-1
	R1 = ['COTDE68AE254A-1_R1.fastq.gz']

2019-09-20 14:15:47,727 - INFO - Removing existing file ./results/codoncounts/COTDE68AE254A-1_codoncounts.csv
2019-09-20 14:15:47,729 - INFO - Removing existing file ./results/codoncounts/COTDE68AE254A-1_readstats.csv
2019-09-20 14:15:47,733 - INFO - Removing existing file ./results/codoncounts/COTDE68AE254A-1_readsperbc.csv
2019-09-20 14:15:47,738 - INFO - Removing existing file ./results/codoncounts/COTDE68AE254A-1_bcstats.csv
2019-09-20 14:15:47,757 - INFO - Read refseq of 3048 codons from ./data/Bru_Pol.fasta
2019-09-20 14:15:47,758 - INFO - Reads are in these FASTQ pairs:
	./FASTQ_files/COTDE68AE254A-1_R1.fastq.gz and ./FASTQ_files/COTDE68AE254A-1_R2.fastq.gz

2019-09-20 14:15:47,758 - INFO - Now parsing read pairs...
2019-09-20 14:15:53,272 - INFO - Parsed 471112 reads, found 140971 unique barcodes.
2019-09-20 14:15:53,278 - INFO - Summary stats on reads:
  total  fail filter  low Q barcode
 471112            0          12920
2019-09-20 14:15:53,279 - INFO - Writing these stats to ./results/codoncounts/COTDE68AE254A-1_readstats.csv

2019-09-20 14:15:53,328 - INFO - Number of reads per barcode:
                 number of barcodes
number of reads                    
1                             39107
2                             20384
3                             23426
4                             21467
5                             16046
6                             10102
7                              5660
8                              2787
9                              1213
10                              487
11                              169
12                               77
13                               25
14                               11
15                                6
16                                1
17                                2
224                               1
2019-09-20 14:15:53,328 - INFO - Writing these stats to ./results/codoncounts/COTDE68AE254A-1_readsperbc.csv

2019-09-20 14:15:53,332 - INFO - Examining the 140971 barcodes to build and align subamplicons...
2019-09-20 14:15:58,727 - INFO - Examined all barcodes. Summary stats:
  total  too few reads  not alignable  aligned
 140971          39107           1296   100568
2019-09-20 14:15:58,727 - INFO - Writing these stats to ./results/codoncounts/COTDE68AE254A-1_bcstats.csv

2019-09-20 14:15:58,758 - INFO - Filtering to only sites listed in sitemask ./data/sitemask.csv
2019-09-20 14:15:58,771 - INFO - Filtered from 1016 to 101 sites.
2019-09-20 14:15:58,771 - INFO - Writing the counts of each codon identity at each site to ./results/codoncounts/COTDE68AE254A-1_codoncounts.csv

2019-09-20 14:15:58,783 - INFO - Successful completion of dms2_bcsubamp
