2019-09-20 14:15:48,178 - INFO - Beginning execution of dms2_bcsubamp in directory /fh/fast/bloom_j/computational_notebooks/adingens/2019/SuperRes_Hypermut

2019-09-20 14:15:48,178 - INFO - Progress is being logged to ./results/codoncounts/I188E68A-1.log
2019-09-20 14:15:48,181 - INFO - Version information:
	Time and date: Fri Sep 20 14:15:48 2019
	Platform: Linux-3.13.0-143-generic-x86_64-with-debian-jessie-sid
	Python version: 3.6.7 | packaged by conda-forge | (default, Feb 28 2019, 09:07:38)  [GCC 7.3.0]
	dms_tools2 version: 2.5.1
	Bio version: 1.73
	pandas version: 0.25.1
	numpy version: 1.16.4
	IPython version: 7.6.1
	jupyter version: 1.0.0
	matplotlib version: 3.1.1
	plotnine version: 0.6.0
	natsort version: 6.0.0
	pystan version: 2.16.0.0
	scipy version: 1.2.2
	seaborn version: 0.9.0
	phydmslib version: 2.3.3
	statsmodels version: 0.10.0
	rpy2 version: 2.9.4
	regex version: 2.5.33
	umi_tools version: 1.0.0

2019-09-20 14:15:48,181 - INFO - Parsed the following arguments:
	outdir = ./results/codoncounts
	ncpus = -1
	use_existing = no
	refseq = ./data/Bru_Pol.fasta
	alignspecs = ['204,504,34,34']
	bclen = 8
	fastqdir = ./FASTQ_files/
	R2 = None
	R1trim = [200]
	R2trim = [170]
	bclen2 = None
	chartype = codon
	maxmuts = 100
	minq = 15
	minreads = 2
	minfraccall = 0.95
	minconcur = 0.75
	sitemask = ./data/sitemask.csv
	purgeread = 0
	purgebc = 0
	bcinfo = False
	name = I188E68A-1
	R1 = ['I188E68A-1_R1.fastq.gz']

2019-09-20 14:15:48,183 - INFO - Removing existing file ./results/codoncounts/I188E68A-1_codoncounts.csv
2019-09-20 14:15:48,189 - INFO - Removing existing file ./results/codoncounts/I188E68A-1_readstats.csv
2019-09-20 14:15:48,196 - INFO - Removing existing file ./results/codoncounts/I188E68A-1_readsperbc.csv
2019-09-20 14:15:48,206 - INFO - Removing existing file ./results/codoncounts/I188E68A-1_bcstats.csv
2019-09-20 14:15:48,229 - INFO - Read refseq of 3048 codons from ./data/Bru_Pol.fasta
2019-09-20 14:15:48,230 - INFO - Reads are in these FASTQ pairs:
	./FASTQ_files/I188E68A-1_R1.fastq.gz and ./FASTQ_files/I188E68A-1_R2.fastq.gz

2019-09-20 14:15:48,230 - INFO - Now parsing read pairs...
2019-09-20 14:15:53,150 - INFO - Parsed 377274 reads, found 324119 unique barcodes.
2019-09-20 14:15:53,155 - INFO - Summary stats on reads:
  total  fail filter  low Q barcode
 377274            0          10332
2019-09-20 14:15:53,155 - INFO - Writing these stats to ./results/codoncounts/I188E68A-1_readstats.csv

2019-09-20 14:15:53,263 - INFO - Number of reads per barcode:
                 number of barcodes
number of reads                    
1                            285238
2                             35255
3                              3348
4                               257
5                                18
6                                 1
7                                 1
19                                1
2019-09-20 14:15:53,263 - INFO - Writing these stats to ./results/codoncounts/I188E68A-1_readsperbc.csv

2019-09-20 14:15:53,266 - INFO - Examining the 324119 barcodes to build and align subamplicons...
2019-09-20 14:15:54,799 - INFO - Barcodes examined so far: 200000
2019-09-20 14:15:55,166 - INFO - Examined all barcodes. Summary stats:
  total  too few reads  not alignable  aligned
 324119         285238           1004    37877
2019-09-20 14:15:55,166 - INFO - Writing these stats to ./results/codoncounts/I188E68A-1_bcstats.csv

2019-09-20 14:15:55,194 - INFO - Filtering to only sites listed in sitemask ./data/sitemask.csv
2019-09-20 14:15:55,208 - INFO - Filtered from 1016 to 101 sites.
2019-09-20 14:15:55,208 - INFO - Writing the counts of each codon identity at each site to ./results/codoncounts/I188E68A-1_codoncounts.csv

2019-09-20 14:15:55,219 - INFO - Successful completion of dms2_bcsubamp
