2019-09-20 14:15:48,168 - INFO - Beginning execution of dms2_bcsubamp in directory /fh/fast/bloom_j/computational_notebooks/adingens/2019/SuperRes_Hypermut

2019-09-20 14:15:48,169 - INFO - Progress is being logged to ./results/codoncounts/NoA3-2.log
2019-09-20 14:15:48,174 - INFO - Version information:
	Time and date: Fri Sep 20 14:15:48 2019
	Platform: Linux-3.13.0-143-generic-x86_64-with-debian-jessie-sid
	Python version: 3.6.7 | packaged by conda-forge | (default, Feb 28 2019, 09:07:38)  [GCC 7.3.0]
	dms_tools2 version: 2.5.1
	Bio version: 1.73
	pandas version: 0.25.1
	numpy version: 1.16.4
	IPython version: 7.6.1
	jupyter version: 1.0.0
	matplotlib version: 3.1.1
	plotnine version: 0.6.0
	natsort version: 6.0.0
	pystan version: 2.16.0.0
	scipy version: 1.2.2
	seaborn version: 0.9.0
	phydmslib version: 2.3.3
	statsmodels version: 0.10.0
	rpy2 version: 2.9.4
	regex version: 2.5.33
	umi_tools version: 1.0.0

2019-09-20 14:15:48,174 - INFO - Parsed the following arguments:
	outdir = ./results/codoncounts
	ncpus = -1
	use_existing = no
	refseq = ./data/Bru_Pol.fasta
	alignspecs = ['204,504,34,34']
	bclen = 8
	fastqdir = ./FASTQ_files/
	R2 = None
	R1trim = [200]
	R2trim = [170]
	bclen2 = None
	chartype = codon
	maxmuts = 100
	minq = 15
	minreads = 2
	minfraccall = 0.95
	minconcur = 0.75
	sitemask = ./data/sitemask.csv
	purgeread = 0
	purgebc = 0
	bcinfo = False
	name = NoA3-2
	R1 = ['NoA3-2_R1.fastq.gz']

2019-09-20 14:15:48,177 - INFO - Removing existing file ./results/codoncounts/NoA3-2_codoncounts.csv
2019-09-20 14:15:48,182 - INFO - Removing existing file ./results/codoncounts/NoA3-2_readstats.csv
2019-09-20 14:15:48,187 - INFO - Removing existing file ./results/codoncounts/NoA3-2_readsperbc.csv
2019-09-20 14:15:48,194 - INFO - Removing existing file ./results/codoncounts/NoA3-2_bcstats.csv
2019-09-20 14:15:48,221 - INFO - Read refseq of 3048 codons from ./data/Bru_Pol.fasta
2019-09-20 14:15:48,222 - INFO - Reads are in these FASTQ pairs:
	./FASTQ_files/NoA3-2_R1.fastq.gz and ./FASTQ_files/NoA3-2_R2.fastq.gz

2019-09-20 14:15:48,222 - INFO - Now parsing read pairs...
2019-09-20 14:15:53,442 - INFO - Parsed 400478 reads, found 363824 unique barcodes.
2019-09-20 14:15:53,447 - INFO - Summary stats on reads:
  total  fail filter  low Q barcode
 400478            0          10964
2019-09-20 14:15:53,448 - INFO - Writing these stats to ./results/codoncounts/NoA3-2_readstats.csv

2019-09-20 14:15:53,553 - INFO - Number of reads per barcode:
                 number of barcodes
number of reads                    
1                            339527
2                             23022
3                              1217
4                                54
5                                 3
61                                1
2019-09-20 14:15:53,553 - INFO - Writing these stats to ./results/codoncounts/NoA3-2_readsperbc.csv

2019-09-20 14:15:53,558 - INFO - Examining the 363824 barcodes to build and align subamplicons...
2019-09-20 14:15:54,544 - INFO - Barcodes examined so far: 200000
2019-09-20 14:15:54,849 - INFO - Examined all barcodes. Summary stats:
  total  too few reads  not alignable  aligned
 363824         339527            648    23649
2019-09-20 14:15:54,849 - INFO - Writing these stats to ./results/codoncounts/NoA3-2_bcstats.csv

2019-09-20 14:15:54,875 - INFO - Filtering to only sites listed in sitemask ./data/sitemask.csv
2019-09-20 14:15:54,888 - INFO - Filtered from 1016 to 101 sites.
2019-09-20 14:15:54,888 - INFO - Writing the counts of each codon identity at each site to ./results/codoncounts/NoA3-2_codoncounts.csv

2019-09-20 14:15:54,902 - INFO - Successful completion of dms2_bcsubamp
