2019-09-20 12:51:11,088 - INFO - Beginning execution of dms2_bcsubamp in directory /fh/fast/bloom_j/computational_notebooks/adingens/2019/SuperRes_Hypermut

2019-09-20 12:51:11,089 - INFO - Progress is being logged to ./results/codoncounts/A3G-2.log
2019-09-20 12:51:11,096 - INFO - Version information:
	Time and date: Fri Sep 20 12:51:11 2019
	Platform: Linux-3.13.0-143-generic-x86_64-with-debian-jessie-sid
	Python version: 3.6.7 | packaged by conda-forge | (default, Feb 28 2019, 09:07:38)  [GCC 7.3.0]
	dms_tools2 version: 2.5.1
	Bio version: 1.73
	pandas version: 0.25.1
	numpy version: 1.16.4
	IPython version: 7.6.1
	jupyter version: 1.0.0
	matplotlib version: 3.1.1
	plotnine version: 0.6.0
	natsort version: 6.0.0
	pystan version: 2.16.0.0
	scipy version: 1.2.2
	seaborn version: 0.9.0
	phydmslib version: 2.3.3
	statsmodels version: 0.10.0
	rpy2 version: 2.9.4
	regex version: 2.5.33
	umi_tools version: 1.0.0

2019-09-20 12:51:11,097 - INFO - Parsed the following arguments:
	outdir = ./results/codoncounts
	ncpus = -1
	use_existing = no
	refseq = ./data/Bru_Pol.fasta
	alignspecs = ['204,504,34,34']
	bclen = 8
	fastqdir = ./FASTQ_files/
	R2 = None
	R1trim = [200]
	R2trim = [170]
	bclen2 = None
	chartype = codon
	maxmuts = 4
	minq = 15
	minreads = 2
	minfraccall = 0.95
	minconcur = 0.75
	sitemask = None
	purgeread = 0
	purgebc = 0
	bcinfo = False
	name = A3G-2
	R1 = ['A3G-2_R1.fastq.gz']

2019-09-20 12:51:11,100 - INFO - Removing existing file ./results/codoncounts/A3G-2_codoncounts.csv
2019-09-20 12:51:11,132 - INFO - Removing existing file ./results/codoncounts/A3G-2_readstats.csv
2019-09-20 12:51:11,195 - INFO - Removing existing file ./results/codoncounts/A3G-2_readsperbc.csv
2019-09-20 12:51:11,233 - INFO - Removing existing file ./results/codoncounts/A3G-2_bcstats.csv
2019-09-20 12:51:11,301 - INFO - Read refseq of 3048 codons from ./data/Bru_Pol.fasta
2019-09-20 12:51:11,309 - INFO - Reads are in these FASTQ pairs:
	./FASTQ_files/A3G-2_R1.fastq.gz and ./FASTQ_files/A3G-2_R2.fastq.gz

2019-09-20 12:51:11,310 - INFO - Now parsing read pairs...
2019-09-20 12:51:15,532 - INFO - Parsed 313649 reads, found 206815 unique barcodes.
2019-09-20 12:51:15,543 - INFO - Summary stats on reads:
  total  fail filter  low Q barcode
 313649            0           8787
2019-09-20 12:51:15,544 - INFO - Writing these stats to ./results/codoncounts/A3G-2_readstats.csv

2019-09-20 12:51:15,622 - INFO - Number of reads per barcode:
                 number of barcodes
number of reads                    
1                            134527
2                             52142
3                             15566
4                              3735
5                               708
6                               108
7                                26
8                                 1
9                                 1
26                                1
2019-09-20 12:51:15,622 - INFO - Writing these stats to ./results/codoncounts/A3G-2_readsperbc.csv

2019-09-20 12:51:15,627 - INFO - Examining the 206815 barcodes to build and align subamplicons...
2019-09-20 12:51:17,502 - INFO - Barcodes examined so far: 200000
2019-09-20 12:51:17,511 - INFO - Examined all barcodes. Summary stats:
  total  too few reads  not alignable  aligned
 206815         134527          47258    25030
2019-09-20 12:51:17,511 - INFO - Writing these stats to ./results/codoncounts/A3G-2_bcstats.csv

2019-09-20 12:51:17,537 - INFO - Writing the counts of each codon identity at each site to ./results/codoncounts/A3G-2_codoncounts.csv

2019-09-20 12:51:17,600 - INFO - Successful completion of dms2_bcsubamp
