2019-09-20 12:51:11,110 - INFO - Beginning execution of dms2_bcsubamp in directory /fh/fast/bloom_j/computational_notebooks/adingens/2019/SuperRes_Hypermut

2019-09-20 12:51:11,110 - INFO - Progress is being logged to ./results/codoncounts/COII-1.log
2019-09-20 12:51:11,117 - INFO - Version information:
	Time and date: Fri Sep 20 12:51:11 2019
	Platform: Linux-3.13.0-143-generic-x86_64-with-debian-jessie-sid
	Python version: 3.6.7 | packaged by conda-forge | (default, Feb 28 2019, 09:07:38)  [GCC 7.3.0]
	dms_tools2 version: 2.5.1
	Bio version: 1.73
	pandas version: 0.25.1
	numpy version: 1.16.4
	IPython version: 7.6.1
	jupyter version: 1.0.0
	matplotlib version: 3.1.1
	plotnine version: 0.6.0
	natsort version: 6.0.0
	pystan version: 2.16.0.0
	scipy version: 1.2.2
	seaborn version: 0.9.0
	phydmslib version: 2.3.3
	statsmodels version: 0.10.0
	rpy2 version: 2.9.4
	regex version: 2.5.33
	umi_tools version: 1.0.0

2019-09-20 12:51:11,117 - INFO - Parsed the following arguments:
	outdir = ./results/codoncounts
	ncpus = -1
	use_existing = no
	refseq = ./data/Bru_Pol.fasta
	alignspecs = ['204,504,34,34']
	bclen = 8
	fastqdir = ./FASTQ_files/
	R2 = None
	R1trim = [200]
	R2trim = [170]
	bclen2 = None
	chartype = codon
	maxmuts = 4
	minq = 15
	minreads = 2
	minfraccall = 0.95
	minconcur = 0.75
	sitemask = None
	purgeread = 0
	purgebc = 0
	bcinfo = False
	name = COII-1
	R1 = ['COII-1_R1.fastq.gz']

2019-09-20 12:51:11,121 - INFO - Removing existing file ./results/codoncounts/COII-1_codoncounts.csv
2019-09-20 12:51:11,152 - INFO - Removing existing file ./results/codoncounts/COII-1_readstats.csv
2019-09-20 12:51:11,220 - INFO - Removing existing file ./results/codoncounts/COII-1_readsperbc.csv
2019-09-20 12:51:11,255 - INFO - Removing existing file ./results/codoncounts/COII-1_bcstats.csv
2019-09-20 12:51:11,332 - INFO - Read refseq of 3048 codons from ./data/Bru_Pol.fasta
2019-09-20 12:51:11,337 - INFO - Reads are in these FASTQ pairs:
	./FASTQ_files/COII-1_R1.fastq.gz and ./FASTQ_files/COII-1_R2.fastq.gz

2019-09-20 12:51:11,338 - INFO - Now parsing read pairs...
2019-09-20 12:51:16,571 - INFO - Parsed 409269 reads, found 237953 unique barcodes.
2019-09-20 12:51:16,577 - INFO - Summary stats on reads:
  total  fail filter  low Q barcode
 409269            0          11190
2019-09-20 12:51:16,577 - INFO - Writing these stats to ./results/codoncounts/COII-1_readstats.csv

2019-09-20 12:51:16,652 - INFO - Number of reads per barcode:
                 number of barcodes
number of reads                    
1                            133286
2                             65095
3                             27613
4                              8919
5                              2369
6                               535
7                               114
8                                13
9                                 6
11                                2
55                                1
2019-09-20 12:51:16,652 - INFO - Writing these stats to ./results/codoncounts/COII-1_readsperbc.csv

2019-09-20 12:51:16,658 - INFO - Examining the 237953 barcodes to build and align subamplicons...
2019-09-20 12:51:21,114 - INFO - Barcodes examined so far: 200000
2019-09-20 12:51:21,327 - INFO - Examined all barcodes. Summary stats:
  total  too few reads  not alignable  aligned
 237953         133286          10994    93673
2019-09-20 12:51:21,328 - INFO - Writing these stats to ./results/codoncounts/COII-1_bcstats.csv

2019-09-20 12:51:21,361 - INFO - Writing the counts of each codon identity at each site to ./results/codoncounts/COII-1_codoncounts.csv

2019-09-20 12:51:21,437 - INFO - Successful completion of dms2_bcsubamp
