2019-09-20 12:51:11,080 - INFO - Beginning execution of dms2_bcsubamp in directory /fh/fast/bloom_j/computational_notebooks/adingens/2019/SuperRes_Hypermut

2019-09-20 12:51:11,081 - INFO - Progress is being logged to ./results/codoncounts/NoA3-2.log
2019-09-20 12:51:11,088 - INFO - Version information:
	Time and date: Fri Sep 20 12:51:11 2019
	Platform: Linux-3.13.0-143-generic-x86_64-with-debian-jessie-sid
	Python version: 3.6.7 | packaged by conda-forge | (default, Feb 28 2019, 09:07:38)  [GCC 7.3.0]
	dms_tools2 version: 2.5.1
	Bio version: 1.73
	pandas version: 0.25.1
	numpy version: 1.16.4
	IPython version: 7.6.1
	jupyter version: 1.0.0
	matplotlib version: 3.1.1
	plotnine version: 0.6.0
	natsort version: 6.0.0
	pystan version: 2.16.0.0
	scipy version: 1.2.2
	seaborn version: 0.9.0
	phydmslib version: 2.3.3
	statsmodels version: 0.10.0
	rpy2 version: 2.9.4
	regex version: 2.5.33
	umi_tools version: 1.0.0

2019-09-20 12:51:11,088 - INFO - Parsed the following arguments:
	outdir = ./results/codoncounts
	ncpus = -1
	use_existing = no
	refseq = ./data/Bru_Pol.fasta
	alignspecs = ['204,504,34,34']
	bclen = 8
	fastqdir = ./FASTQ_files/
	R2 = None
	R1trim = [200]
	R2trim = [170]
	bclen2 = None
	chartype = codon
	maxmuts = 4
	minq = 15
	minreads = 2
	minfraccall = 0.95
	minconcur = 0.75
	sitemask = None
	purgeread = 0
	purgebc = 0
	bcinfo = False
	name = NoA3-2
	R1 = ['NoA3-2_R1.fastq.gz']

2019-09-20 12:51:11,091 - INFO - Removing existing file ./results/codoncounts/NoA3-2_codoncounts.csv
2019-09-20 12:51:11,120 - INFO - Removing existing file ./results/codoncounts/NoA3-2_readstats.csv
2019-09-20 12:51:11,149 - INFO - Removing existing file ./results/codoncounts/NoA3-2_readsperbc.csv
2019-09-20 12:51:11,218 - INFO - Removing existing file ./results/codoncounts/NoA3-2_bcstats.csv
2019-09-20 12:51:11,300 - INFO - Read refseq of 3048 codons from ./data/Bru_Pol.fasta
2019-09-20 12:51:11,307 - INFO - Reads are in these FASTQ pairs:
	./FASTQ_files/NoA3-2_R1.fastq.gz and ./FASTQ_files/NoA3-2_R2.fastq.gz

2019-09-20 12:51:11,307 - INFO - Now parsing read pairs...
2019-09-20 12:51:16,790 - INFO - Parsed 400478 reads, found 363824 unique barcodes.
2019-09-20 12:51:16,800 - INFO - Summary stats on reads:
  total  fail filter  low Q barcode
 400478            0          10964
2019-09-20 12:51:16,800 - INFO - Writing these stats to ./results/codoncounts/NoA3-2_readstats.csv

2019-09-20 12:51:16,909 - INFO - Number of reads per barcode:
                 number of barcodes
number of reads                    
1                            339527
2                             23022
3                              1217
4                                54
5                                 3
61                                1
2019-09-20 12:51:16,910 - INFO - Writing these stats to ./results/codoncounts/NoA3-2_readsperbc.csv

2019-09-20 12:51:16,914 - INFO - Examining the 363824 barcodes to build and align subamplicons...
2019-09-20 12:51:17,808 - INFO - Barcodes examined so far: 200000
2019-09-20 12:51:18,101 - INFO - Examined all barcodes. Summary stats:
  total  too few reads  not alignable  aligned
 363824         339527           1662    22635
2019-09-20 12:51:18,101 - INFO - Writing these stats to ./results/codoncounts/NoA3-2_bcstats.csv

2019-09-20 12:51:18,127 - INFO - Writing the counts of each codon identity at each site to ./results/codoncounts/NoA3-2_codoncounts.csv

2019-09-20 12:51:18,198 - INFO - Successful completion of dms2_bcsubamp
