2019-09-20 12:50:51,346 - INFO - Beginning execution of dms2_batch_bcsubamp in directory /fh/fast/bloom_j/computational_notebooks/adingens/2019/SuperRes_Hypermut

2019-09-20 12:50:51,346 - INFO - Progress is being logged to ./results/codoncounts/summary.log
2019-09-20 12:50:51,360 - INFO - Version information:
	Time and date: Fri Sep 20 12:50:51 2019
	Platform: Linux-3.13.0-143-generic-x86_64-with-debian-jessie-sid
	Python version: 3.6.7 | packaged by conda-forge | (default, Feb 28 2019, 09:07:38)  [GCC 7.3.0]
	dms_tools2 version: 2.5.1
	Bio version: 1.73
	pandas version: 0.25.1
	numpy version: 1.16.4
	IPython version: 7.6.1
	jupyter version: 1.0.0
	matplotlib version: 3.1.1
	plotnine version: 0.6.0
	natsort version: 6.0.0
	pystan version: 2.16.0.0
	scipy version: 1.2.2
	seaborn version: 0.9.0
	phydmslib version: 2.3.3
	statsmodels version: 0.10.0
	rpy2 version: 2.9.4
	regex version: 2.5.33
	umi_tools version: 1.0.0

2019-09-20 12:50:51,360 - INFO - Parsed the following arguments:
	outdir = ./results/codoncounts
	ncpus = 14
	use_existing = no
	refseq = ./data/Bru_Pol.fasta
	alignspecs = ['204,504,34,34']
	bclen = 8
	fastqdir = ./FASTQ_files/
	R2 = None
	R1trim = [200]
	R2trim = [170]
	bclen2 = None
	chartype = codon
	maxmuts = 4
	minq = 15
	minreads = 2
	minfraccall = 0.95
	minconcur = 0.75
	sitemask = None
	purgeread = 0
	purgebc = 0
	bcinfo = False
	batchfile = ./results/codoncounts/batch.csv
	summaryprefix = summary

2019-09-20 12:50:51,360 - INFO - Parsing sample info from ./results/codoncounts/batch.csv
2019-09-20 12:50:51,378 - INFO - Read the following sample information:
name,R1
PLASMIDCTRL,PLASMIDCTRL_R1.fastq.gz
NoA3-1,NoA3-1_R1.fastq.gz
A3G-1,A3G-1_R1.fastq.gz
A3C-1,A3C-1_R1.fastq.gz
A3CE68A-1,A3CE68A-1_R1.fastq.gz
COTD-1,COTD-1_R1.fastq.gz
COTDE254A-1,COTDE254A-1_R1.fastq.gz
COTDE68AE254A-1,COTDE68AE254A-1_R1.fastq.gz
I188-1,I188-1_R1.fastq.gz
I188E68A-1,I188E68A-1_R1.fastq.gz
COII-1,COII-1_R1.fastq.gz
COIIE68AE254A-1,COIIE68AE254A-1_R1.fastq.gz
NoA3-2,NoA3-2_R1.fastq.gz
A3G-2,A3G-2_R1.fastq.gz
A3C-2,A3C-2_R1.fastq.gz
A3CE68A-2,A3CE68A-2_R1.fastq.gz
COTD-2,COTD-2_R1.fastq.gz
COTDE254A-2,COTDE254A-2_R1.fastq.gz
COTDE68AE254A-2,COTDE68AE254A-2_R1.fastq.gz
I188-2,I188-2_R1.fastq.gz
I188E68A-2,I188E68A-2_R1.fastq.gz
COII-2,COII-2_R1.fastq.gz
COIIE68AE254A-2,COIIE68AE254A-2_R1.fastq.gz


2019-09-20 12:50:51,473 - INFO - Removing existing file ./results/codoncounts/summary_readstats.pdf
2019-09-20 12:50:51,481 - INFO - Removing existing file ./results/codoncounts/summary_bcstats.pdf
2019-09-20 12:50:51,490 - INFO - Removing existing file ./results/codoncounts/summary_readsperbc.pdf
2019-09-20 12:50:51,496 - INFO - Removing existing file ./results/codoncounts/summary_depth.pdf
2019-09-20 12:50:51,503 - INFO - Removing existing file ./results/codoncounts/summary_mutfreq.pdf
2019-09-20 12:50:51,511 - INFO - Removing existing file ./results/codoncounts/summary_codonmuttypes.pdf
2019-09-20 12:50:51,514 - INFO - Removing existing file ./results/codoncounts/summary_codonmuttypes.csv
2019-09-20 12:50:51,517 - INFO - Removing existing file ./results/codoncounts/summary_codonntchanges.pdf
2019-09-20 12:50:51,525 - INFO - Removing existing file ./results/codoncounts/summary_singlentchanges.pdf
2019-09-20 12:50:51,528 - INFO - Removing existing file ./results/codoncounts/summary_cumulmutcounts.pdf
2019-09-20 12:50:51,531 - INFO - Running dms2_bcsubamp on all samples using 14 CPUs...
2019-09-20 12:51:48,984 - INFO - Completed runs of dms2_bcsubamp.

2019-09-20 12:51:49,026 - INFO - Plotting read stats to ./results/codoncounts/summary_readstats.pdf
2019-09-20 12:51:50,172 - INFO - Plotting barcode stats to ./results/codoncounts/summary_bcstats.pdf
2019-09-20 12:51:50,904 - INFO - Plotting reads per barcode to ./results/codoncounts/summary_readsperbc.pdf
2019-09-20 12:51:54,407 - INFO - Plotting count depth to ./results/codoncounts/summary_depth.pdf
2019-09-20 12:51:57,781 - INFO - Plotting mutation frequencies to ./results/codoncounts/summary_mutfreq.pdf
2019-09-20 12:52:26,457 - INFO - Plotting average frequencies of codon mutation types to ./results/codoncounts/summary_codonmuttypes.pdf, writing the data to ./results/codoncounts/summary_codonmuttypes.csv
2019-09-20 12:52:53,202 - INFO - Plotting average frequencies of nucleotide changes per codon mutation to ./results/codoncounts/summary_codonntchanges.pdf
2019-09-20 12:53:19,659 - INFO - Plotting frequencies of nucleotide changes in 1-nucleotide mutations to ./results/codoncounts/summary_singlentchanges.pdf
2019-09-20 12:53:46,291 - INFO - Plotting fraction of mutations seen less than some number of times to ./results/codoncounts/summary_cumulmutcounts.pdf
2019-09-20 12:54:13,080 - INFO - Successful completion of dms2_batch_bcsubamp
